<?xml version="1.0" encoding="utf-8"?>
<test-run id="2" testcasecount="763" result="Skipped:Ignored" total="763" passed="762" failed="0" inconclusive="0" skipped="1" asserts="0" engine-version="3.5.0.0" clr-version="4.0.30319.42000" start-time="2026-07-10 20:28:56Z" end-time="2026-07-10 20:30:15Z" duration="78.9406299">
  <test-suite type="TestSuite" id="1000" name="UI Package" fullname="UI Package" runstate="Runnable" testcasecount="763" result="Skipped" label="Ignored" start-time="2026-07-10 20:28:56Z" end-time="2026-07-10 20:30:15Z" duration="78.940630" total="763" passed="762" failed="0" inconclusive="0" skipped="1" asserts="0">
    <properties>
      <property name="platform" value="EditMode" />
    </properties>
    <reason>
      <message><![CDATA[One or more child tests were ignored]]></message>
    </reason>
    <test-suite type="SetUpFixture" id="1001" name="Neo.UI.Tests.EditMode.dll" fullname="NeoTestScratchRoot" classname="NeoTestScratchRoot" runstate="Runnable" testcasecount="763" result="Skipped" label="Ignored" start-time="2026-07-10 20:28:56Z" end-time="2026-07-10 20:30:15Z" duration="78.932871" total="763" passed="762" failed="0" inconclusive="0" skipped="1" asserts="0">
      <properties>
        <property name="_PID" value="20056" />
        <property name="_APPDOMAIN" value="Unity Child Domain" />
        <property name="platform" value="EditMode" />
        <property name="EditorOnly" value="True" />
      </properties>
      <reason>
        <message><![CDATA[One or more child tests were ignored]]></message>
      </reason>
      <test-suite type="TestSuite" id="1894" name="Neo" fullname="Neo" runstate="Runnable" testcasecount="763" result="Skipped" label="Ignored" start-time="2026-07-10 20:28:56Z" end-time="2026-07-10 20:30:15Z" duration="78.924586" total="763" passed="762" failed="0" inconclusive="0" skipped="1" asserts="0">
        <properties />
        <reason>
          <message><![CDATA[One or more child tests were ignored]]></message>
        </reason>
        <test-suite type="TestSuite" id="1895" name="UI" fullname="Neo.UI" runstate="Runnable" testcasecount="763" result="Skipped" label="Ignored" start-time="2026-07-10 20:28:56Z" end-time="2026-07-10 20:30:15Z" duration="78.924183" total="763" passed="762" failed="0" inconclusive="0" skipped="1" asserts="0">
          <properties />
          <reason>
            <message><![CDATA[One or more child tests were ignored]]></message>
          </reason>
          <test-suite type="TestSuite" id="1896" name="Tests" fullname="Neo.UI.Tests" runstate="Runnable" testcasecount="763" result="Skipped" label="Ignored" start-time="2026-07-10 20:28:56Z" end-time="2026-07-10 20:30:15Z" duration="78.922651" total="763" passed="762" failed="0" inconclusive="0" skipped="1" asserts="0">
            <properties />
            <reason>
              <message><![CDATA[One or more child tests were ignored]]></message>
            </reason>
            <test-suite type="TestFixture" id="1002" name="AgentBridgeActionsTests" fullname="Neo.UI.Tests.AgentBridgeActionsTests" classname="Neo.UI.Tests.AgentBridgeActionsTests" runstate="Runnable" testcasecount="3" result="Passed" start-time="2026-07-10 20:28:56Z" end-time="2026-07-10 20:28:58Z" duration="1.686221" total="3" passed="3" failed="0" inconclusive="0" skipped="0" asserts="0">
              <properties />
              <test-case id="1003" name="RegisteredAction_DispatchesThroughHandleRequest" fullname="Neo.UI.Tests.AgentBridgeActionsTests.RegisteredAction_DispatchesThroughHandleRequest" methodname="RegisteredAction_DispatchesThroughHandleRequest" classname="Neo.UI.Tests.AgentBridgeActionsTests" runstate="Runnable" seed="1898099427" result="Passed" start-time="2026-07-10 20:28:56Z" end-time="2026-07-10 20:28:56Z" duration="0.019606" asserts="0">
                <properties>
                  <property name="retryIteration" value="0" />
                  <property name="repeatIteration" value="0" />
                </properties>
              </test-case>
              <test-case id="1005" name="SyncAndRegenerateShowcase_ReturnIdenticalResultKeySets_OnScratchRun" fullname="Neo.UI.Tests.AgentBridgeActionsTests.SyncAndRegenerateShowcase_ReturnIdenticalResultKeySets_OnScratchRun" methodname="SyncAndRegenerateShowcase_ReturnIdenticalResultKeySets_OnScratchRun" classname="Neo.UI.Tests.AgentBridgeActionsTests" runstate="Runnable" seed="1275638566" result="Passed" start-time="2026-07-10 20:28:56Z" end-time="2026-07-10 20:28:58Z" duration="1.652171" asserts="0">
                <properties>
                  <property name="retryIteration" value="0" />
                  <property name="repeatIteration" value="0" />
                </properties>
              </test-case>
              <test-case id="1004" name="UnknownAction_ErrorText_EnumeratesRegistryDynamically" fullname="Neo.UI.Tests.AgentBridgeActionsTests.UnknownAction_ErrorText_EnumeratesRegistryDynamically" methodname="UnknownAction_ErrorText_EnumeratesRegistryDynamically" classname="Neo.UI.Tests.AgentBridgeActionsTests" runstate="Runnable" seed="578467311" result="Passed" start-time="2026-07-10 20:28:58Z" end-time="2026-07-10 20:28:58Z" duration="0.001588" asserts="0">
                <properties>
                  <property name="retryIteration" value="0" />
                  <property name="repeatIteration" value="0" />
                </properties>
              </test-case>
            </test-suite>
            <test-suite type="TestFixture" id="1006" name="AgentDescriptorRegistryMigrationTests" fullname="Neo.UI.Tests.AgentDescriptorRegistryMigrationTests" classname="Neo.UI.Tests.AgentDescriptorRegistryMigrationTests" runstate="Runnable" testcasecount="13" result="Passed" start-time="2026-07-10 20:28:58Z" end-time="2026-07-10 20:28:58Z" duration="0.267641" total="13" passed="13" failed="0" inconclusive="0" skipped="0" asserts="0">
              <properties />
              <test-case id="1017" name="BreakpointConditions_Register_Null_WarnsAndNeverThrows" fullname="Neo.UI.Tests.AgentDescriptorRegistryMigrationTests.BreakpointConditions_Register_Null_WarnsAndNeverThrows" methodname="BreakpointConditions_Register_Null_WarnsAndNeverThrows" classname="Neo.UI.Tests.AgentDescriptorRegistryMigrationTests" runstate="Runnable" seed="635525443" result="Passed" start-time="2026-07-10 20:28:58Z" end-time="2026-07-10 20:28:58Z" duration="0.082825" asserts="0">
                <properties>
                  <property name="retryIteration" value="0" />
                  <property name="repeatIteration" value="0" />
                </properties>
                <output><![CDATA[[Neo.UI] BreakpointConditions: ignored a null/invalid entry.
]]></output>
              </test-case>
              <test-case id="1016" name="BreakpointConditions_Register_SameId_ReplacesInPlace" fullname="Neo.UI.Tests.AgentDescriptorRegistryMigrationTests.BreakpointConditions_Register_SameId_ReplacesInPlace" methodname="BreakpointConditions_Register_SameId_ReplacesInPlace" classname="Neo.UI.Tests.AgentDescriptorRegistryMigrationTests" runstate="Runnable" seed="1867076574" result="Passed" start-time="2026-07-10 20:28:58Z" end-time="2026-07-10 20:28:58Z" duration="0.001854" asserts="0">
                <properties>
                  <property name="retryIteration" value="0" />
                  <property name="repeatIteration" value="0" />
                </properties>
              </test-case>
              <test-case id="1018" name="BreakpointConditions_TryGet_UnknownId_WarnsAndReturnsFalse" fullname="Neo.UI.Tests.AgentDescriptorRegistryMigrationTests.BreakpointConditions_TryGet_UnknownId_WarnsAndReturnsFalse" methodname="BreakpointConditions_TryGet_UnknownId_WarnsAndReturnsFalse" classname="Neo.UI.Tests.AgentDescriptorRegistryMigrationTests" runstate="Runnable" seed="636968555" result="Passed" start-time="2026-07-10 20:28:58Z" end-time="2026-07-10 20:28:58Z" duration="0.001078" asserts="0">
                <properties>
                  <property name="retryIteration" value="0" />
                  <property name="repeatIteration" value="0" />
                </properties>
                <output><![CDATA[BreakpointConditions.TryGet: no condition kind 'totally-not-a-condition' registered. Register one in BreakpointConditions, or check the spec.
]]></output>
              </test-case>
              <test-case id="1012" name="LayoutConstraints_Register_Null_WarnsAndNeverThrows" fullname="Neo.UI.Tests.AgentDescriptorRegistryMigrationTests.LayoutConstraints_Register_Null_WarnsAndNeverThrows" methodname="LayoutConstraints_Register_Null_WarnsAndNeverThrows" classname="Neo.UI.Tests.AgentDescriptorRegistryMigrationTests" runstate="Runnable" seed="826373800" result="Passed" start-time="2026-07-10 20:28:58Z" end-time="2026-07-10 20:28:58Z" duration="0.001708" asserts="0">
                <properties>
                  <property name="retryIteration" value="0" />
                  <property name="repeatIteration" value="0" />
                </properties>
                <output><![CDATA[[Neo.UI] LayoutConstraints: ignored a null/invalid entry.
]]></output>
              </test-case>
              <test-case id="1013" name="LayoutConstraints_SameIdDifferentAxis_DoesNotCollide" fullname="Neo.UI.Tests.AgentDescriptorRegistryMigrationTests.LayoutConstraints_SameIdDifferentAxis_DoesNotCollide" methodname="LayoutConstraints_SameIdDifferentAxis_DoesNotCollide" classname="Neo.UI.Tests.AgentDescriptorRegistryMigrationTests" runstate="Runnable" seed="1907883395" result="Passed" start-time="2026-07-10 20:28:58Z" end-time="2026-07-10 20:28:58Z" duration="0.004839" asserts="0">
                <properties>
                  <property name="retryIteration" value="0" />
                  <property name="repeatIteration" value="0" />
                </properties>
                <output><![CDATA[LayoutConstraints.Get: no constraint 'probeConstraint' registered for Vertical; placement will fall back to the default. Register one in LayoutConstraints, or check the spec.
]]></output>
              </test-case>
              <test-case id="1015" name="LayoutSizingModes_Register_Null_WarnsAndNeverThrows" fullname="Neo.UI.Tests.AgentDescriptorRegistryMigrationTests.LayoutSizingModes_Register_Null_WarnsAndNeverThrows" methodname="LayoutSizingModes_Register_Null_WarnsAndNeverThrows" classname="Neo.UI.Tests.AgentDescriptorRegistryMigrationTests" runstate="Runnable" seed="22190896" result="Passed" start-time="2026-07-10 20:28:58Z" end-time="2026-07-10 20:28:58Z" duration="0.001457" asserts="0">
                <properties>
                  <property name="retryIteration" value="0" />
                  <property name="repeatIteration" value="0" />
                </properties>
                <output><![CDATA[[Neo.UI] LayoutSizingModes: ignored a null/invalid entry.
]]></output>
              </test-case>
              <test-case id="1014" name="LayoutSizingModes_Register_SameId_ReplacesInPlace" fullname="Neo.UI.Tests.AgentDescriptorRegistryMigrationTests.LayoutSizingModes_Register_SameId_ReplacesInPlace" methodname="LayoutSizingModes_Register_SameId_ReplacesInPlace" classname="Neo.UI.Tests.AgentDescriptorRegistryMigrationTests" runstate="Runnable" seed="2061958291" result="Passed" start-time="2026-07-10 20:28:58Z" end-time="2026-07-10 20:28:58Z" duration="0.000908" asserts="0">
                <properties>
                  <property name="retryIteration" value="0" />
                  <property name="repeatIteration" value="0" />
                </properties>
              </test-case>
              <test-case id="1011" name="ParticleEffectRegistry_GetForConfig_UnregisteredType_WarnsAndReturnsNull" fullname="Neo.UI.Tests.AgentDescriptorRegistryMigrationTests.ParticleEffectRegistry_GetForConfig_UnregisteredType_WarnsAndReturnsNull" methodname="ParticleEffectRegistry_GetForConfig_UnregisteredType_WarnsAndReturnsNull" classname="Neo.UI.Tests.AgentDescriptorRegistryMigrationTests" runstate="Runnable" seed="46120109" result="Passed" start-time="2026-07-10 20:28:58Z" end-time="2026-07-10 20:28:58Z" duration="0.002066" asserts="0">
                <properties>
                  <property name="retryIteration" value="0" />
                  <property name="repeatIteration" value="0" />
                </properties>
                <output><![CDATA[ParticleEffectRegistry.GetForConfig: no descriptor registered for module config type 'StubParticleModuleConfig' — the module will be skipped on export. Register one in ParticleEffectRegistry.
]]></output>
              </test-case>
              <test-case id="1010" name="ParticleEffectRegistry_Register_Null_WarnsAndNeverThrows" fullname="Neo.UI.Tests.AgentDescriptorRegistryMigrationTests.ParticleEffectRegistry_Register_Null_WarnsAndNeverThrows" methodname="ParticleEffectRegistry_Register_Null_WarnsAndNeverThrows" classname="Neo.UI.Tests.AgentDescriptorRegistryMigrationTests" runstate="Runnable" seed="1384856089" result="Passed" start-time="2026-07-10 20:28:58Z" end-time="2026-07-10 20:28:58Z" duration="0.000879" asserts="0">
                <properties>
                  <property name="retryIteration" value="0" />
                  <property name="repeatIteration" value="0" />
                </properties>
                <output><![CDATA[[Neo.UI] ParticleEffectRegistry: ignored a null/invalid entry.
]]></output>
              </test-case>
              <test-case id="1009" name="ParticleEffectRegistry_Register_SameId_ReplacesInPlace" fullname="Neo.UI.Tests.AgentDescriptorRegistryMigrationTests.ParticleEffectRegistry_Register_SameId_ReplacesInPlace" methodname="ParticleEffectRegistry_Register_SameId_ReplacesInPlace" classname="Neo.UI.Tests.AgentDescriptorRegistryMigrationTests" runstate="Runnable" seed="941584132" result="Passed" start-time="2026-07-10 20:28:58Z" end-time="2026-07-10 20:28:58Z" duration="0.000405" asserts="0">
                <properties>
                  <property name="retryIteration" value="0" />
                  <property name="repeatIteration" value="0" />
                </properties>
              </test-case>
              <test-case id="1019" name="ShapeEffectDefinitions_DiscoversAndEvictsDeletedAsset" fullname="Neo.UI.Tests.AgentDescriptorRegistryMigrationTests.ShapeEffectDefinitions_DiscoversAndEvictsDeletedAsset" methodname="ShapeEffectDefinitions_DiscoversAndEvictsDeletedAsset" classname="Neo.UI.Tests.AgentDescriptorRegistryMigrationTests" runstate="Runnable" seed="1950029736" result="Passed" start-time="2026-07-10 20:28:58Z" end-time="2026-07-10 20:28:58Z" duration="0.125818" asserts="0">
                <properties>
                  <property name="retryIteration" value="0" />
                  <property name="repeatIteration" value="0" />
                </properties>
              </test-case>
              <test-case id="1008" name="ShapeEffectRegistry_Register_Null_WarnsAndNeverThrows" fullname="Neo.UI.Tests.AgentDescriptorRegistryMigrationTests.ShapeEffectRegistry_Register_Null_WarnsAndNeverThrows" methodname="ShapeEffectRegistry_Register_Null_WarnsAndNeverThrows" classname="Neo.UI.Tests.AgentDescriptorRegistryMigrationTests" runstate="Runnable" seed="2111543401" result="Passed" start-time="2026-07-10 20:28:58Z" end-time="2026-07-10 20:28:58Z" duration="0.001330" asserts="0">
                <properties>
                  <property name="retryIteration" value="0" />
                  <property name="repeatIteration" value="0" />
                </properties>
                <output><![CDATA[[Neo.UI] ShapeEffectRegistry: ignored a null/invalid entry.
]]></output>
              </test-case>
              <test-case id="1007" name="ShapeEffectRegistry_Register_SameId_ReplacesInPlace" fullname="Neo.UI.Tests.AgentDescriptorRegistryMigrationTests.ShapeEffectRegistry_Register_SameId_ReplacesInPlace" methodname="ShapeEffectRegistry_Register_SameId_ReplacesInPlace" classname="Neo.UI.Tests.AgentDescriptorRegistryMigrationTests" runstate="Runnable" seed="1449801515" result="Passed" start-time="2026-07-10 20:28:58Z" end-time="2026-07-10 20:28:58Z" duration="0.000528" asserts="0">
                <properties>
                  <property name="retryIteration" value="0" />
                  <property name="repeatIteration" value="0" />
                </properties>
              </test-case>
            </test-suite>
            <test-suite type="TestFixture" id="1020" name="AnimationColorChannelTests" fullname="Neo.UI.Tests.AnimationColorChannelTests" classname="Neo.UI.Tests.AnimationColorChannelTests" runstate="Runnable" testcasecount="5" result="Passed" start-time="2026-07-10 20:28:58Z" end-time="2026-07-10 20:28:58Z" duration="0.006845" total="5" passed="5" failed="0" inconclusive="0" skipped="0" asserts="0">
              <properties />
              <test-case id="1022" name="ColorChannel_CountsTowardEnabledChannels_AndDuration" fullname="Neo.UI.Tests.AnimationColorChannelTests.ColorChannel_CountsTowardEnabledChannels_AndDuration" methodname="ColorChannel_CountsTowardEnabledChannels_AndDuration" classname="Neo.UI.Tests.AnimationColorChannelTests" runstate="Runnable" seed="1831014419" result="Passed" start-time="2026-07-10 20:28:58Z" end-time="2026-07-10 20:28:58Z" duration="0.001202" asserts="0">
                <properties>
                  <property name="retryIteration" value="0" />
                  <property name="repeatIteration" value="0" />
                </properties>
              </test-case>
              <test-case id="1023" name="CopyTo_DeepCopiesColorChannel" fullname="Neo.UI.Tests.AnimationColorChannelTests.CopyTo_DeepCopiesColorChannel" methodname="CopyTo_DeepCopiesColorChannel" classname="Neo.UI.Tests.AnimationColorChannelTests" runstate="Runnable" seed="986184142" result="Passed" start-time="2026-07-10 20:28:58Z" end-time="2026-07-10 20:28:58Z" duration="0.000408" asserts="0">
                <properties>
                  <property name="retryIteration" value="0" />
                  <property name="repeatIteration" value="0" />
                </properties>
              </test-case>
              <test-case id="1021" name="FreshAnimation_DoesNotAnimateColor" fullname="Neo.UI.Tests.AnimationColorChannelTests.FreshAnimation_DoesNotAnimateColor" methodname="FreshAnimation_DoesNotAnimateColor" classname="Neo.UI.Tests.AnimationColorChannelTests" runstate="Runnable" seed="1069922014" result="Passed" start-time="2026-07-10 20:28:58Z" end-time="2026-07-10 20:28:58Z" duration="0.000138" asserts="0">
                <properties>
                  <property name="retryIteration" value="0" />
                  <property name="repeatIteration" value="0" />
                </properties>
              </test-case>
              <test-case id="1024" name="PresetSpec_CustomColor_RoundTripsThroughJson" fullname="Neo.UI.Tests.AnimationColorChannelTests.PresetSpec_CustomColor_RoundTripsThroughJson" methodname="PresetSpec_CustomColor_RoundTripsThroughJson" classname="Neo.UI.Tests.AnimationColorChannelTests" runstate="Runnable" seed="882517135" result="Passed" start-time="2026-07-10 20:28:58Z" end-time="2026-07-10 20:28:58Z" duration="0.003012" asserts="0">
                <properties>
                  <property name="retryIteration" value="0" />
                  <property name="repeatIteration" value="0" />
                </properties>
              </test-case>
              <test-case id="1025" name="PresetSpec_ThemeTokenEndpoint_RoundTripsAsBareName" fullname="Neo.UI.Tests.AnimationColorChannelTests.PresetSpec_ThemeTokenEndpoint_RoundTripsAsBareName" methodname="PresetSpec_ThemeTokenEndpoint_RoundTripsAsBareName" classname="Neo.UI.Tests.AnimationColorChannelTests" runstate="Runnable" seed="833205753" result="Passed" start-time="2026-07-10 20:28:58Z" end-time="2026-07-10 20:28:58Z" duration="0.000297" asserts="0">
                <properties>
                  <property name="retryIteration" value="0" />
                  <property name="repeatIteration" value="0" />
                </properties>
              </test-case>
            </test-suite>
            <test-suite type="TestFixture" id="1026" name="AnimationPresetBrowserModelTests" fullname="Neo.UI.Tests.AnimationPresetBrowserModelTests" classname="Neo.UI.Tests.AnimationPresetBrowserModelTests" runstate="Runnable" testcasecount="9" result="Passed" start-time="2026-07-10 20:28:58Z" end-time="2026-07-10 20:28:58Z" duration="0.009423" total="9" passed="9" failed="0" inconclusive="0" skipped="0" asserts="0">
              <properties />
              <test-case id="1028" name="BlankCategory_FallsBackToCustom" fullname="Neo.UI.Tests.AnimationPresetBrowserModelTests.BlankCategory_FallsBackToCustom" methodname="BlankCategory_FallsBackToCustom" classname="Neo.UI.Tests.AnimationPresetBrowserModelTests" runstate="Runnable" seed="1563872914" result="Passed" start-time="2026-07-10 20:28:58Z" end-time="2026-07-10 20:28:58Z" duration="0.001572" asserts="0">
                <properties>
                  <property name="retryIteration" value="0" />
                  <property name="repeatIteration" value="0" />
                </properties>
              </test-case>
              <test-case id="1032" name="BuildRows_Collapsed_HidesPresets_ExpandedShowsThem" fullname="Neo.UI.Tests.AnimationPresetBrowserModelTests.BuildRows_Collapsed_HidesPresets_ExpandedShowsThem" methodname="BuildRows_Collapsed_HidesPresets_ExpandedShowsThem" classname="Neo.UI.Tests.AnimationPresetBrowserModelTests" runstate="Runnable" seed="1116432451" result="Passed" start-time="2026-07-10 20:28:58Z" end-time="2026-07-10 20:28:58Z" duration="0.001610" asserts="0">
                <properties>
                  <property name="retryIteration" value="0" />
                  <property name="repeatIteration" value="0" />
                </properties>
              </test-case>
              <test-case id="1034" name="BuildRows_Search_CategoryHit_ShowsAllOfThatCategory" fullname="Neo.UI.Tests.AnimationPresetBrowserModelTests.BuildRows_Search_CategoryHit_ShowsAllOfThatCategory" methodname="BuildRows_Search_CategoryHit_ShowsAllOfThatCategory" classname="Neo.UI.Tests.AnimationPresetBrowserModelTests" runstate="Runnable" seed="447890267" result="Passed" start-time="2026-07-10 20:28:58Z" end-time="2026-07-10 20:28:58Z" duration="0.001611" asserts="0">
                <properties>
                  <property name="retryIteration" value="0" />
                  <property name="repeatIteration" value="0" />
                </properties>
              </test-case>
              <test-case id="1033" name="BuildRows_Search_MatchesNameAcrossCollapsedGroups_IgnoringExpansion" fullname="Neo.UI.Tests.AnimationPresetBrowserModelTests.BuildRows_Search_MatchesNameAcrossCollapsedGroups_IgnoringExpansion" methodname="BuildRows_Search_MatchesNameAcrossCollapsedGroups_IgnoringExpansion" classname="Neo.UI.Tests.AnimationPresetBrowserModelTests" runstate="Runnable" seed="1148548539" result="Passed" start-time="2026-07-10 20:28:58Z" end-time="2026-07-10 20:28:58Z" duration="0.000902" asserts="0">
                <properties>
                  <property name="retryIteration" value="0" />
                  <property name="repeatIteration" value="0" />
                </properties>
              </test-case>
              <test-case id="1035" name="CopyExpansionFrom_PreservesFolds_AcrossRebuild" fullname="Neo.UI.Tests.AnimationPresetBrowserModelTests.CopyExpansionFrom_PreservesFolds_AcrossRebuild" methodname="CopyExpansionFrom_PreservesFolds_AcrossRebuild" classname="Neo.UI.Tests.AnimationPresetBrowserModelTests" runstate="Runnable" seed="724508564" result="Passed" start-time="2026-07-10 20:28:58Z" end-time="2026-07-10 20:28:58Z" duration="0.000423" asserts="0">
                <properties>
                  <property name="retryIteration" value="0" />
                  <property name="repeatIteration" value="0" />
                </properties>
              </test-case>
              <test-case id="1031" name="CurrentPreset_Category_IsForcedOpen" fullname="Neo.UI.Tests.AnimationPresetBrowserModelTests.CurrentPreset_Category_IsForcedOpen" methodname="CurrentPreset_Category_IsForcedOpen" classname="Neo.UI.Tests.AnimationPresetBrowserModelTests" runstate="Runnable" seed="829230394" result="Passed" start-time="2026-07-10 20:28:58Z" end-time="2026-07-10 20:28:58Z" duration="0.000287" asserts="0">
                <properties>
                  <property name="retryIteration" value="0" />
                  <property name="repeatIteration" value="0" />
                </properties>
              </test-case>
              <test-case id="1027" name="Groups_ComeFromAssetCategories_NotHardcoded" fullname="Neo.UI.Tests.AnimationPresetBrowserModelTests.Groups_ComeFromAssetCategories_NotHardcoded" methodname="Groups_ComeFromAssetCategories_NotHardcoded" classname="Neo.UI.Tests.AnimationPresetBrowserModelTests" runstate="Runnable" seed="1794057091" result="Passed" start-time="2026-07-10 20:28:58Z" end-time="2026-07-10 20:28:58Z" duration="0.000424" asserts="0">
                <properties>
                  <property name="retryIteration" value="0" />
                  <property name="repeatIteration" value="0" />
                </properties>
              </test-case>
              <test-case id="1030" name="NoRole_ExpandsEverything" fullname="Neo.UI.Tests.AnimationPresetBrowserModelTests.NoRole_ExpandsEverything" methodname="NoRole_ExpandsEverything" classname="Neo.UI.Tests.AnimationPresetBrowserModelTests" runstate="Runnable" seed="1653912870" result="Passed" start-time="2026-07-10 20:28:58Z" end-time="2026-07-10 20:28:58Z" duration="0.000209" asserts="0">
                <properties>
                  <property name="retryIteration" value="0" />
                  <property name="repeatIteration" value="0" />
                </properties>
              </test-case>
              <test-case id="1029" name="SuggestedCategories_SortFirst_AndStartExpanded" fullname="Neo.UI.Tests.AnimationPresetBrowserModelTests.SuggestedCategories_SortFirst_AndStartExpanded" methodname="SuggestedCategories_SortFirst_AndStartExpanded" classname="Neo.UI.Tests.AnimationPresetBrowserModelTests" runstate="Runnable" seed="111638573" result="Passed" start-time="2026-07-10 20:28:58Z" end-time="2026-07-10 20:28:58Z" duration="0.000364" asserts="0">
                <properties>
                  <property name="retryIteration" value="0" />
                  <property name="repeatIteration" value="0" />
                </properties>
              </test-case>
            </test-suite>
            <test-suite type="TestFixture" id="1036" name="AnimationPresetRegistryTests" fullname="Neo.UI.Tests.AnimationPresetRegistryTests" classname="Neo.UI.Tests.AnimationPresetRegistryTests" runstate="Runnable" testcasecount="6" result="Passed" start-time="2026-07-10 20:28:58Z" end-time="2026-07-10 20:28:59Z" duration="0.777010" total="6" passed="6" failed="0" inconclusive="0" skipped="0" asserts="0">
              <properties />
              <test-case id="1040" name="DiscoveredAsset_DeletedFromDisk_IsEvictedOnNextDiscovery" fullname="Neo.UI.Tests.AnimationPresetRegistryTests.DiscoveredAsset_DeletedFromDisk_IsEvictedOnNextDiscovery" methodname="DiscoveredAsset_DeletedFromDisk_IsEvictedOnNextDiscovery" classname="Neo.UI.Tests.AnimationPresetRegistryTests" runstate="Runnable" seed="609301289" result="Passed" start-time="2026-07-10 20:28:58Z" end-time="2026-07-10 20:28:59Z" duration="0.260816" asserts="0">
                <properties>
                  <property name="retryIteration" value="0" />
                  <property name="repeatIteration" value="0" />
                </properties>
                <output><![CDATA[[Neo.UI] AnimationPresetRegistry: duplicate discovered key 'FadeIn' at 'Assets/Neo UI Framework/Animations/Show_FadeIn.asset' and 'Assets/Showcases/buttons/Generated/Presets/FadeIn.asset' — keeping the latter.
[Neo.UI] AnimationPresetRegistry: duplicate discovered key 'FadeOut' at 'Assets/Neo UI Framework/Animations/Hide_FadeOut.asset' and 'Assets/Showcases/buttons/Generated/Presets/FadeOut.asset' — keeping the latter.
[Neo.UI] AnimationPresetRegistry: duplicate discovered key 'HideDefault' at 'Assets/Neo UI Generated/Presets/HideDefault.asset' and 'Assets/Showcases/buttons/Generated/Presets/HideDefault.asset' — keeping the latter.
[Neo.UI] AnimationPresetRegistry: duplicate discovered key 'ShowDefault' at 'Assets/Neo UI Generated/Presets/ShowDefault.asset' and 'Assets/Showcases/buttons/Generated/Presets/ShowDefault.asset' — keeping the latter.
[Neo.UI] AnimationPresetRegistry: duplicate discovered key 'SlideInLeft' at 'Assets/Neo UI Framework/Animations/Show_SlideInLeft.asset' and 'Assets/Showcases/buttons/Generated/Presets/SlideInLeft.asset' — keeping the latter.
[Neo.UI] AnimationPresetRegistry: duplicate discovered key 'SlideOutLeft' at 'Assets/Neo UI Framework/Animations/Hide_SlideOutLeft.asset' and 'Assets/Showcases/buttons/Generated/Presets/SlideOutLeft.asset' — keeping the latter.
[Neo.UI] AnimationPresetRegistry: duplicate discovered key 'FadeIn' at 'Assets/Showcases/buttons/Generated/Presets/FadeIn.asset' and 'Assets/Showcases/color-a-cube/Generated/Presets/FadeIn.asset' — keeping the latter.
[Neo.UI] AnimationPresetRegistry: duplicate discovered key 'FadeOut' at 'Assets/Showcases/buttons/Generated/Presets/FadeOut.asset' and 'Assets/Showcases/color-a-cube/Generated/Presets/FadeOut.asset' — keeping the latter.
[Neo.UI] AnimationPresetRegistry: duplicate discovered key 'FadeIn' at 'Assets/Showcases/color-a-cube/Generated/Presets/FadeIn.asset' and 'Assets/Showcases/effects/Generated/Presets/FadeIn.asset' — keeping the latter.
[Neo.UI] AnimationPresetRegistry: duplicate discovered key 'FadeOut' at 'Assets/Showcases/color-a-cube/Generated/Presets/FadeOut.asset' and 'Assets/Showcases/effects/Generated/Presets/FadeOut.asset' — keeping the latter.
[Neo.UI] AnimationPresetRegistry: duplicate discovered key 'HideDefault' at 'Assets/Showcases/buttons/Generated/Presets/HideDefault.asset' and 'Assets/Showcases/effects/Generated/Presets/HideDefault.asset' — keeping the latter.
[Neo.UI] AnimationPresetRegistry: duplicate discovered key 'MenuIn' at 'Assets/Showcases/buttons/Generated/Presets/MenuIn.asset' and 'Assets/Showcases/effects/Generated/Presets/MenuIn.asset' — keeping the latter.
[Neo.UI] AnimationPresetRegistry: duplicate discovered key 'MenuOut' at 'Assets/Showcases/buttons/Generated/Presets/MenuOut.asset' and 'Assets/Showcases/effects/Generated/Presets/MenuOut.asset' — keeping the latter.
[Neo.UI] AnimationPresetRegistry: duplicate discovered key 'PopIn' at 'Assets/Showcases/buttons/Generated/Presets/PopIn.asset' and 'Assets/Showcases/effects/Generated/Presets/PopIn.asset' — keeping the latter.
[Neo.UI] AnimationPresetRegistry: duplicate discovered key 'PopOut' at 'Assets/Showcases/buttons/Generated/Presets/PopOut.asset' and 'Assets/Showcases/effects/Generated/Presets/PopOut.asset' — keeping the latter.
[Neo.UI] AnimationPresetRegistry: duplicate discovered key 'ShowDefault' at 'Assets/Showcases/buttons/Generated/Presets/ShowDefault.asset' and 'Assets/Showcases/effects/Generated/Presets/ShowDefault.asset' — keeping the latter.
[Neo.UI] AnimationPresetRegistry: duplicate discovered key 'SlideDownOut' at 'Assets/Showcases/buttons/Generated/Presets/SlideDownOut.asset' and 'Assets/Showcases/effects/Generated/Presets/SlideDownOut.asset' — keeping the latter.
[Neo.UI] AnimationPresetRegistry: duplicate discovered key 'SlideInLeft' at 'Assets/Showcases/buttons/Generated/Presets/SlideInLeft.asset' and 'Assets/Showcases/effects/Generated/Presets/SlideInLeft.asset' — keeping the latter.
[Neo.UI] AnimationPresetRegistry: duplicate discovered key 'SlideOutLeft' at 'Assets/Showcases/buttons/Generated/Presets/SlideOutLeft.asset' and 'Assets/Showcases/effects/Generated/Presets/SlideOutLeft.asset' — keeping the latter.
[Neo.UI] AnimationPresetRegistry: duplicate discovered key 'SlideUpIn' at 'Assets/Showcases/buttons/Generated/Presets/SlideUpIn.asset' and 'Assets/Showcases/effects/Generated/Presets/SlideUpIn.asset' — keeping the latter.
[Neo.UI] AnimationPresetRegistry: duplicate discovered key 'FadeIn' at 'Assets/Showcases/effects/Generated/Presets/FadeIn.asset' and 'Assets/Showcases/game-ui/Generated/Presets/FadeIn.asset' — keeping the latter.
[Neo.UI] AnimationPresetRegistry: duplicate discovered key 'FadeOut' at 'Assets/Showcases/effects/Generated/Presets/FadeOut.asset' and 'Assets/Showcases/game-ui/Generated/Presets/FadeOut.asset' — keeping the latter.
[Neo.UI] AnimationPresetRegistry: duplicate discovered key 'PopIn' at 'Assets/Showcases/effects/Generated/Presets/PopIn.asset' and 'Assets/Showcases/game-ui/Generated/Presets/PopIn.asset' — keeping the latter.
[Neo.UI] AnimationPresetRegistry: duplicate discovered key 'PopOut' at 'Assets/Showcases/effects/Generated/Presets/PopOut.asset' and 'Assets/Showcases/game-ui/Generated/Presets/PopOut.asset' — keeping the latter.
[Neo.UI] AnimationPresetRegistry: duplicate discovered key 'SlideDownOut' at 'Assets/Showcases/effects/Generated/Presets/SlideDownOut.asset' and 'Assets/Showcases/game-ui/Generated/Presets/SlideDownOut.asset' — keeping the latter.
[Neo.UI] AnimationPresetRegistry: duplicate discovered key 'SlideInLeft' at 'Assets/Showcases/effects/Generated/Presets/SlideInLeft.asset' and 'Assets/Showcases/game-ui/Generated/Presets/SlideInLeft.asset' — keeping the latter.
[Neo.UI] AnimationPresetRegistry: duplicate discovered key 'SlideOutLeft' at 'Assets/Showcases/effects/Generated/Presets/SlideOutLeft.asset' and 'Assets/Showcases/game-ui/Generated/Presets/SlideOutLeft.asset' — keeping the latter.
[Neo.UI] AnimationPresetRegistry: duplicate discovered key 'SlideUpIn' at 'Assets/Showcases/effects/Generated/Presets/SlideUpIn.asset' and 'Assets/Showcases/game-ui/Generated/Presets/SlideUpIn.asset' — keeping the latter.
[Neo.UI] AnimationPresetRegistry: duplicate discovered key 'FadeIn' at 'Assets/Showcases/game-ui/Generated/Presets/FadeIn.asset' and 'Assets/Showcases/particles/Generated/Presets/FadeIn.asset' — keeping the latter.
[Neo.UI] AnimationPresetRegistry: duplicate discovered key 'FadeOut' at 'Assets/Showcases/game-ui/Generated/Presets/FadeOut.asset' and 'Assets/Showcases/particles/Generated/Presets/FadeOut.asset' — keeping the latter.
[Neo.UI] AnimationPresetRegistry: duplicate discovered key 'HideDefault' at 'Assets/Showcases/effects/Generated/Presets/HideDefault.asset' and 'Assets/Showcases/particles/Generated/Presets/HideDefault.asset' — keeping the latter.
[Neo.UI] AnimationPresetRegistry: duplicate discovered key 'MenuIn' at 'Assets/Showcases/effects/Generated/Presets/MenuIn.asset' and 'Assets/Showcases/particles/Generated/Presets/MenuIn.asset' — keeping the latter.
[Neo.UI] AnimationPresetRegistry: duplicate discovered key 'MenuOut' at 'Assets/Showcases/effects/Generated/Presets/MenuOut.asset' and 'Assets/Showcases/particles/Generated/Presets/MenuOut.asset' — keeping the latter.
[Neo.UI] AnimationPresetRegistry: duplicate discovered key 'PopIn' at 'Assets/Showcases/game-ui/Generated/Presets/PopIn.asset' and 'Assets/Showcases/particles/Generated/Presets/PopIn.asset' — keeping the latter.
[Neo.UI] AnimationPresetRegistry: duplicate discovered key 'PopOut' at 'Assets/Showcases/game-ui/Generated/Presets/PopOut.asset' and 'Assets/Showcases/particles/Generated/Presets/PopOut.asset' — keeping the latter.
[Neo.UI] AnimationPresetRegistry: duplicate discovered key 'ShowDefault' at 'Assets/Showcases/effects/Generated/Presets/ShowDefault.asset' and 'Assets/Showcases/particles/Generated/Presets/ShowDefault.asset' — keeping the latter.
[Neo.UI] AnimationPresetRegistry: duplicate discovered key 'SlideDownOut' at 'Assets/Showcases/game-ui/Generated/Presets/SlideDownOut.asset' and 'Assets/Showcases/particles/Generated/Presets/SlideDownOut.asset' — keeping the latter.
[Neo.UI] AnimationPresetRegistry: duplicate discovered key 'SlideInLeft' at 'Assets/Showcases/game-ui/Generated/Presets/SlideInLeft.asset' and 'Assets/Showcases/particles/Generated/Presets/SlideInLeft.asset' — keeping the latter.
[Neo.UI] AnimationPresetRegistry: duplicate discovered key 'SlideOutLeft' at 'Assets/Showcases/game-ui/Generated/Presets/SlideOutLeft.asset' and 'Assets/Showcases/particles/Generated/Presets/SlideOutLeft.asset' — keeping the latter.
[Neo.UI] AnimationPresetRegistry: duplicate discovered key 'SlideUpIn' at 'Assets/Showcases/game-ui/Generated/Presets/SlideUpIn.asset' and 'Assets/Showcases/particles/Generated/Presets/SlideUpIn.asset' — keeping the latter.
[Neo.UI] AnimationPresetRegistry: duplicate discovered key 'FadeIn' at 'Assets/Showcases/particles/Generated/Presets/FadeIn.asset' and 'Assets/Showcases/popups/Generated/Presets/FadeIn.asset' — keeping the latter.
[Neo.UI] AnimationPresetRegistry: duplicate discovered key 'FadeOut' at 'Assets/Showcases/particles/Generated/Presets/FadeOut.asset' and 'Assets/Showcases/popups/Generated/Presets/FadeOut.asset' — keeping the latter.
[Neo.UI] AnimationPresetRegistry: duplicate discovered key 'HideDefault' at 'Assets/Showcases/particles/Generated/Presets/HideDefault.asset' and 'Assets/Showcases/popups/Generated/Presets/HideDefault.asset' — keeping the latter.
[Neo.UI] AnimationPresetRegistry: duplicate discovered key 'PopIn' at 'Assets/Showcases/particles/Generated/Presets/PopIn.asset' and 'Assets/Showcases/popups/Generated/Presets/PopIn.asset' — keeping the latter.
[Neo.UI] AnimationPresetRegistry: duplicate discovered key 'PopOut' at 'Assets/Showcases/particles/Generated/Presets/PopOut.asset' and 'Assets/Showcases/popups/Generated/Presets/PopOut.asset' — keeping the latter.
[Neo.UI] AnimationPresetRegistry: duplicate discovered key 'ShowDefault' at 'Assets/Showcases/particles/Generated/Presets/ShowDefault.asset' and 'Assets/Showcases/popups/Generated/Presets/ShowDefault.asset' — keeping the latter.
[Neo.UI] AnimationPresetRegistry: duplicate discovered key 'SlideDownOut' at 'Assets/Showcases/particles/Generated/Presets/SlideDownOut.asset' and 'Assets/Showcases/popups/Generated/Presets/SlideDownOut.asset' — keeping the latter.
[Neo.UI] AnimationPresetRegistry: duplicate discovered key 'SlideInLeft' at 'Assets/Showcases/particles/Generated/Presets/SlideInLeft.asset' and 'Assets/Showcases/popups/Generated/Presets/SlideInLeft.asset' — keeping the latter.
[Neo.UI] AnimationPresetRegistry: duplicate discovered key 'SlideOutLeft' at 'Assets/Showcases/particles/Generated/Presets/SlideOutLeft.asset' and 'Assets/Showcases/popups/Generated/Presets/SlideOutLeft.asset' — keeping the latter.
[Neo.UI] AnimationPresetRegistry: duplicate discovered key 'SlideUpIn' at 'Assets/Showcases/particles/Generated/Presets/SlideUpIn.asset' and 'Assets/Showcases/popups/Generated/Presets/SlideUpIn.asset' — keeping the latter.
[Neo.UI] AnimationPresetRegistry: duplicate discovered key 'HideDefault' at 'Assets/Showcases/popups/Generated/Presets/HideDefault.asset' and 'Assets/Showcases/presets/Generated/Presets/HideDefault.asset' — keeping the latter.
[Neo.UI] AnimationPresetRegistry: duplicate discovered key 'ShowDefault' at 'Assets/Showcases/popups/Generated/Presets/ShowDefault.asset' and 'Assets/Showcases/presets/Generated/Presets/ShowDefault.asset' — keeping the latter.
[Neo.UI] AnimationPresetRegistry: duplicate discovered key 'FadeIn' at 'Assets/Showcases/popups/Generated/Presets/FadeIn.asset' and 'Assets/Showcases/settings-menu/Generated/Presets/FadeIn.asset' — keeping the latter.
[Neo.UI] AnimationPresetRegistry: duplicate discovered key 'FadeOut' at 'Assets/Showcases/popups/Generated/Presets/FadeOut.asset' and 'Assets/Showcases/settings-menu/Generated/Presets/FadeOut.asset' — keeping the latter.
[Neo.UI] AnimationPresetRegistry: duplicate discovered key 'HideDefault' at 'Assets/Showcases/presets/Generated/Presets/HideDefault.asset' and 'Assets/Showcases/settings-menu/Generated/Presets/HideDefault.asset' — keeping the latter.
[Neo.UI] AnimationPresetRegistry: duplicate discovered key 'MenuIn' at 'Assets/Showcases/particles/Generated/Presets/MenuIn.asset' and 'Assets/Showcases/settings-menu/Generated/Presets/MenuIn.asset' — keeping the latter.
[Neo.UI] AnimationPresetRegistry: duplicate discovered key 'MenuOut' at 'Assets/Showcases/particles/Generated/Presets/MenuOut.asset' and 'Assets/Showcases/settings-menu/Generated/Presets/MenuOut.asset' — keeping the latter.
[Neo.UI] AnimationPresetRegistry: duplicate discovered key 'PopIn' at 'Assets/Showcases/popups/Generated/Presets/PopIn.asset' and 'Assets/Showcases/settings-menu/Generated/Presets/PopIn.asset' — keeping the latter.
[Neo.UI] AnimationPresetRegistry: duplicate discovered key 'PopOut' at 'Assets/Showcases/popups/Generated/Presets/PopOut.asset' and 'Assets/Showcases/settings-menu/Generated/Presets/PopOut.asset' — keeping the latter.
[Neo.UI] AnimationPresetRegistry: duplicate discovered key 'ShowDefault' at 'Assets/Showcases/presets/Generated/Presets/ShowDefault.asset' and 'Assets/Showcases/settings-menu/Generated/Presets/ShowDefault.asset' — keeping the latter.
[Neo.UI] AnimationPresetRegistry: duplicate discovered key 'SlideDownOut' at 'Assets/Showcases/popups/Generated/Presets/SlideDownOut.asset' and 'Assets/Showcases/settings-menu/Generated/Presets/SlideDownOut.asset' — keeping the latter.
[Neo.UI] AnimationPresetRegistry: duplicate discovered key 'SlideInLeft' at 'Assets/Showcases/popups/Generated/Presets/SlideInLeft.asset' and 'Assets/Showcases/settings-menu/Generated/Presets/SlideInLeft.asset' — keeping the latter.
[Neo.UI] AnimationPresetRegistry: duplicate discovered key 'SlideOutLeft' at 'Assets/Showcases/popups/Generated/Presets/SlideOutLeft.asset' and 'Assets/Showcases/settings-menu/Generated/Presets/SlideOutLeft.asset' — keeping the latter.
[Neo.UI] AnimationPresetRegistry: duplicate discovered key 'SlideUpIn' at 'Assets/Showcases/popups/Generated/Presets/SlideUpIn.asset' and 'Assets/Showcases/settings-menu/Generated/Presets/SlideUpIn.asset' — keeping the latter.
[Neo.UI] AnimationPresetRegistry: duplicate discovered key 'FadeIn' at 'Assets/Showcases/settings-menu/Generated/Presets/FadeIn.asset' and 'Assets/Showcases/tabs-panels/Generated/Presets/FadeIn.asset' — keeping the latter.
[Neo.UI] AnimationPresetRegistry: duplicate discovered key 'FadeOut' at 'Assets/Showcases/settings-menu/Generated/Presets/FadeOut.asset' and 'Assets/Showcases/tabs-panels/Generated/Presets/FadeOut.asset' — keeping the latter.
[Neo.UI] AnimationPresetRegistry: duplicate discovered key 'HideDefault' at 'Assets/Showcases/settings-menu/Generated/Presets/HideDefault.asset' and 'Assets/Showcases/tabs-panels/Generated/Presets/HideDefault.asset' — keeping the latter.
[Neo.UI] AnimationPresetRegistry: duplicate discovered key 'MenuIn' at 'Assets/Showcases/settings-menu/Generated/Presets/MenuIn.asset' and 'Assets/Showcases/tabs-panels/Generated/Presets/MenuIn.asset' — keeping the latter.
[Neo.UI] AnimationPresetRegistry: duplicate discovered key 'MenuOut' at 'Assets/Showcases/settings-menu/Generated/Presets/MenuOut.asset' and 'Assets/Showcases/tabs-panels/Generated/Presets/MenuOut.asset' — keeping the latter.
[Neo.UI] AnimationPresetRegistry: duplicate discovered key 'PopIn' at 'Assets/Showcases/settings-menu/Generated/Presets/PopIn.asset' and 'Assets/Showcases/tabs-panels/Generated/Presets/PopIn.asset' — keeping the latter.
[Neo.UI] AnimationPresetRegistry: duplicate discovered key 'PopOut' at 'Assets/Showcases/settings-menu/Generated/Presets/PopOut.asset' and 'Assets/Showcases/tabs-panels/Generated/Presets/PopOut.asset' — keeping the latter.
[Neo.UI] AnimationPresetRegistry: duplicate discovered key 'ShowDefault' at 'Assets/Showcases/settings-menu/Generated/Presets/ShowDefault.asset' and 'Assets/Showcases/tabs-panels/Generated/Presets/ShowDefault.asset' — keeping the latter.
[Neo.UI] AnimationPresetRegistry: duplicate discovered key 'SlideDownOut' at 'Assets/Showcases/settings-menu/Generated/Presets/SlideDownOut.asset' and 'Assets/Showcases/tabs-panels/Generated/Presets/SlideDownOut.asset' — keeping the latter.
[Neo.UI] AnimationPresetRegistry: duplicate discovered key 'SlideInLeft' at 'Assets/Showcases/settings-menu/Generated/Presets/SlideInLeft.asset' and 'Assets/Showcases/tabs-panels/Generated/Presets/SlideInLeft.asset' — keeping the latter.
[Neo.UI] AnimationPresetRegistry: duplicate discovered key 'SlideOutLeft' at 'Assets/Showcases/settings-menu/Generated/Presets/SlideOutLeft.asset' and 'Assets/Showcases/tabs-panels/Generated/Presets/SlideOutLeft.asset' — keeping the latter.
[Neo.UI] AnimationPresetRegistry: duplicate discovered key 'SlideUpIn' at 'Assets/Showcases/settings-menu/Generated/Presets/SlideUpIn.asset' and 'Assets/Showcases/tabs-panels/Generated/Presets/SlideUpIn.asset' — keeping the latter.
[Neo.UI] AnimationPresetRegistry: duplicate discovered key 'FadeIn' at 'Assets/Showcases/tabs-panels/Generated/Presets/FadeIn.asset' and 'Assets/Showcases/toggles-switches/Generated/Presets/FadeIn.asset' — keeping the latter.
[Neo.UI] AnimationPresetRegistry: duplicate discovered key 'FadeOut' at 'Assets/Showcases/tabs-panels/Generated/Presets/FadeOut.asset' and 'Assets/Showcases/toggles-switches/Generated/Presets/FadeOut.asset' — keeping the latter.
[Neo.UI] AnimationPresetRegistry: duplicate discovered key 'HideDefault' at 'Assets/Showcases/tabs-panels/Generated/Presets/HideDefault.asset' and 'Assets/Showcases/toggles-switches/Generated/Presets/HideDefault.asset' — keeping the latter.
[Neo.UI] AnimationPresetRegistry: duplicate discovered key 'MenuIn' at 'Assets/Showcases/tabs-panels/Generated/Presets/MenuIn.asset' and 'Assets/Showcases/toggles-switches/Generated/Presets/MenuIn.asset' — keeping the latter.
[Neo.UI] AnimationPresetRegistry: duplicate discovered key 'MenuOut' at 'Assets/Showcases/tabs-panels/Generated/Presets/MenuOut.asset' and 'Assets/Showcases/toggles-switches/Generated/Presets/MenuOut.asset' — keeping the latter.
[Neo.UI] AnimationPresetRegistry: duplicate discovered key 'PopIn' at 'Assets/Showcases/tabs-panels/Generated/Presets/PopIn.asset' and 'Assets/Showcases/toggles-switches/Generated/Presets/PopIn.asset' — keeping the latter.
[Neo.UI] AnimationPresetRegistry: duplicate discovered key 'PopOut' at 'Assets/Showcases/tabs-panels/Generated/Presets/PopOut.asset' and 'Assets/Showcases/toggles-switches/Generated/Presets/PopOut.asset' — keeping the latter.
[Neo.UI] AnimationPresetRegistry: duplicate discovered key 'ShowDefault' at 'Assets/Showcases/tabs-panels/Generated/Presets/ShowDefault.asset' and 'Assets/Showcases/toggles-switches/Generated/Presets/ShowDefault.asset' — keeping the latter.
[Neo.UI] AnimationPresetRegistry: duplicate discovered key 'SlideDownOut' at 'Assets/Showcases/tabs-panels/Generated/Presets/SlideDownOut.asset' and 'Assets/Showcases/toggles-switches/Generated/Presets/SlideDownOut.asset' — keeping the latter.
[Neo.UI] AnimationPresetRegistry: duplicate discovered key 'SlideInLeft' at 'Assets/Showcases/tabs-panels/Generated/Presets/SlideInLeft.asset' and 'Assets/Showcases/toggles-switches/Generated/Presets/SlideInLeft.asset' — keeping the latter.
[Neo.UI] AnimationPresetRegistry: duplicate discovered key 'SlideOutLeft' at 'Assets/Showcases/tabs-panels/Generated/Presets/SlideOutLeft.asset' and 'Assets/Showcases/toggles-switches/Generated/Presets/SlideOutLeft.asset' — keeping the latter.
[Neo.UI] AnimationPresetRegistry: duplicate discovered key 'SlideUpIn' at 'Assets/Showcases/tabs-panels/Generated/Presets/SlideUpIn.asset' and 'Assets/Showcases/toggles-switches/Generated/Presets/SlideUpIn.asset' — keeping the latter.
[Neo.UI] AnimationPresetRegistry: duplicate discovered key 'HideDefault' at 'Assets/Showcases/toggles-switches/Generated/Presets/HideDefault.asset' and 'Assets/Showcases/transitions/Generated/Presets/HideDefault.asset' — keeping the latter.
[Neo.UI] AnimationPresetRegistry: duplicate discovered key 'ShowDefault' at 'Assets/Showcases/toggles-switches/Generated/Presets/ShowDefault.asset' and 'Assets/Showcases/transitions/Generated/Presets/ShowDefault.asset' — keeping the latter.
[Neo.UI] AnimationPresetRegistry: duplicate discovered key 'FadeIn' at 'Assets/Neo UI Framework/Animations/Show_FadeIn.asset' and 'Assets/Showcases/buttons/Generated/Presets/FadeIn.asset' — keeping the latter.
[Neo.UI] AnimationPresetRegistry: duplicate discovered key 'FadeOut' at 'Assets/Neo UI Framework/Animations/Hide_FadeOut.asset' and 'Assets/Showcases/buttons/Generated/Presets/FadeOut.asset' — keeping the latter.
[Neo.UI] AnimationPresetRegistry: duplicate discovered key 'HideDefault' at 'Assets/Neo UI Generated/Presets/HideDefault.asset' and 'Assets/Showcases/buttons/Generated/Presets/HideDefault.asset' — keeping the latter.
[Neo.UI] AnimationPresetRegistry: duplicate discovered key 'ShowDefault' at 'Assets/Neo UI Generated/Presets/ShowDefault.asset' and 'Assets/Showcases/buttons/Generated/Presets/ShowDefault.asset' — keeping the latter.
[Neo.UI] AnimationPresetRegistry: duplicate discovered key 'SlideInLeft' at 'Assets/Neo UI Framework/Animations/Show_SlideInLeft.asset' and 'Assets/Showcases/buttons/Generated/Presets/SlideInLeft.asset' — keeping the latter.
[Neo.UI] AnimationPresetRegistry: duplicate discovered key 'SlideOutLeft' at 'Assets/Neo UI Framework/Animations/Hide_SlideOutLeft.asset' and 'Assets/Showcases/buttons/Generated/Presets/SlideOutLeft.asset' — keeping the latter.
[Neo.UI] AnimationPresetRegistry: duplicate discovered key 'FadeIn' at 'Assets/Showcases/buttons/Generated/Presets/FadeIn.asset' and 'Assets/Showcases/color-a-cube/Generated/Presets/FadeIn.asset' — keeping the latter.
[Neo.UI] AnimationPresetRegistry: duplicate discovered key 'FadeOut' at 'Assets/Showcases/buttons/Generated/Presets/FadeOut.asset' and 'Assets/Showcases/color-a-cube/Generated/Presets/FadeOut.asset' — keeping the latter.
[Neo.UI] AnimationPresetRegistry: duplicate discovered key 'FadeIn' at 'Assets/Showcases/color-a-cube/Generated/Presets/FadeIn.asset' and 'Assets/Showcases/effects/Generated/Presets/FadeIn.asset' — keeping the latter.
[Neo.UI] AnimationPresetRegistry: duplicate discovered key 'FadeOut' at 'Assets/Showcases/color-a-cube/Generated/Presets/FadeOut.asset' and 'Assets/Showcases/effects/Generated/Presets/FadeOut.asset' — keeping the latter.
[Neo.UI] AnimationPresetRegistry: duplicate discovered key 'HideDefault' at 'Assets/Showcases/buttons/Generated/Presets/HideDefault.asset' and 'Assets/Showcases/effects/Generated/Presets/HideDefault.asset' — keeping the latter.
[Neo.UI] AnimationPresetRegistry: duplicate discovered key 'MenuIn' at 'Assets/Showcases/buttons/Generated/Presets/MenuIn.asset' and 'Assets/Showcases/effects/Generated/Presets/MenuIn.asset' — keeping the latter.
[Neo.UI] AnimationPresetRegistry: duplicate discovered key 'MenuOut' at 'Assets/Showcases/buttons/Generated/Presets/MenuOut.asset' and 'Assets/Showcases/effects/Generated/Presets/MenuOut.asset' — keeping the latter.
[Neo.UI] AnimationPresetRegistry: duplicate discovered key 'PopIn' at 'Assets/Showcases/buttons/Generated/Presets/PopIn.asset' and 'Assets/Showcases/effects/Generated/Presets/PopIn.asset' — keeping the latter.
[Neo.UI] AnimationPresetRegistry: duplicate discovered key 'PopOut' at 'Assets/Showcases/buttons/Generated/Presets/PopOut.asset' and 'Assets/Showcases/effects/Generated/Presets/PopOut.asset' — keeping the latter.
[Neo.UI] AnimationPresetRegistry: duplicate discovered key 'ShowDefault' at 'Assets/Showcases/buttons/Generated/Presets/ShowDefault.asset' and 'Assets/Showcases/effects/Generated/Presets/ShowDefault.asset' — keeping the latter.
[Neo.UI] AnimationPresetRegistry: duplicate discovered key 'SlideDownOut' at 'Assets/Showcases/buttons/Generated/Presets/SlideDownOut.asset' and 'Assets/Showcases/effects/Generated/Presets/SlideDownOut.asset' — keeping the latter.
[Neo.UI] AnimationPresetRegistry: duplicate discovered key 'SlideInLeft' at 'Assets/Showcases/buttons/Generated/Presets/SlideInLeft.asset' and 'Assets/Showcases/effects/Generated/Presets/SlideInLeft.asset' — keeping the latter.
[Neo.UI] AnimationPresetRegistry: duplicate discovered key 'SlideOutLeft' at 'Assets/Showcases/buttons/Generated/Presets/SlideOutLeft.asset' and 'Assets/Showcases/effects/Generated/Presets/SlideOutLeft.asset' — keeping the latter.
[Neo.UI] AnimationPresetRegistry: duplicate discovered key 'SlideUpIn' at 'Assets/Showcases/buttons/Generated/Presets/SlideUpIn.asset' and 'Assets/Showcases/effects/Generated/Presets/SlideUpIn.asset' — keeping the latter.
[Neo.UI] AnimationPresetRegistry: duplicate discovered key 'FadeIn' at 'Assets/Showcases/effects/Generated/Presets/FadeIn.asset' and 'Assets/Showcases/game-ui/Generated/Presets/FadeIn.asset' — keeping the latter.
[Neo.UI] AnimationPresetRegistry: duplicate discovered key 'FadeOut' at 'Assets/Showcases/effects/Generated/Presets/FadeOut.asset' and 'Assets/Showcases/game-ui/Generated/Presets/FadeOut.asset' — keeping the latter.
[Neo.UI] AnimationPresetRegistry: duplicate discovered key 'PopIn' at 'Assets/Showcases/effects/Generated/Presets/PopIn.asset' and 'Assets/Showcases/game-ui/Generated/Presets/PopIn.asset' — keeping the latter.
[Neo.UI] AnimationPresetRegistry: duplicate discovered key 'PopOut' at 'Assets/Showcases/effects/Generated/Presets/PopOut.asset' and 'Assets/Showcases/game-ui/Generated/Presets/PopOut.asset' — keeping the latter.
[Neo.UI] AnimationPresetRegistry: duplicate discovered key 'SlideDownOut' at 'Assets/Showcases/effects/Generated/Presets/SlideDownOut.asset' and 'Assets/Showcases/game-ui/Generated/Presets/SlideDownOut.asset' — keeping the latter.
[Neo.UI] AnimationPresetRegistry: duplicate discovered key 'SlideInLeft' at 'Assets/Showcases/effects/Generated/Presets/SlideInLeft.asset' and 'Assets/Showcases/game-ui/Generated/Presets/SlideInLeft.asset' — keeping the latter.
[Neo.UI] AnimationPresetRegistry: duplicate discovered key 'SlideOutLeft' at 'Assets/Showcases/effects/Generated/Presets/SlideOutLeft.asset' and 'Assets/Showcases/game-ui/Generated/Presets/SlideOutLeft.asset' — keeping the latter.
[Neo.UI] AnimationPresetRegistry: duplicate discovered key 'SlideUpIn' at 'Assets/Showcases/effects/Generated/Presets/SlideUpIn.asset' and 'Assets/Showcases/game-ui/Generated/Presets/SlideUpIn.asset' — keeping the latter.
[Neo.UI] AnimationPresetRegistry: duplicate discovered key 'FadeIn' at 'Assets/Showcases/game-ui/Generated/Presets/FadeIn.asset' and 'Assets/Showcases/particles/Generated/Presets/FadeIn.asset' — keeping the latter.
[Neo.UI] AnimationPresetRegistry: duplicate discovered key 'FadeOut' at 'Assets/Showcases/game-ui/Generated/Presets/FadeOut.asset' and 'Assets/Showcases/particles/Generated/Presets/FadeOut.asset' — keeping the latter.
[Neo.UI] AnimationPresetRegistry: duplicate discovered key 'HideDefault' at 'Assets/Showcases/effects/Generated/Presets/HideDefault.asset' and 'Assets/Showcases/particles/Generated/Presets/HideDefault.asset' — keeping the latter.
[Neo.UI] AnimationPresetRegistry: duplicate discovered key 'MenuIn' at 'Assets/Showcases/effects/Generated/Presets/MenuIn.asset' and 'Assets/Showcases/particles/Generated/Presets/MenuIn.asset' — keeping the latter.
[Neo.UI] AnimationPresetRegistry: duplicate discovered key 'MenuOut' at 'Assets/Showcases/effects/Generated/Presets/MenuOut.asset' and 'Assets/Showcases/particles/Generated/Presets/MenuOut.asset' — keeping the latter.
[Neo.UI] AnimationPresetRegistry: duplicate discovered key 'PopIn' at 'Assets/Showcases/game-ui/Generated/Presets/PopIn.asset' and 'Assets/Showcases/particles/Generated/Presets/PopIn.asset' — keeping the latter.
[Neo.UI] AnimationPresetRegistry: duplicate discovered key 'PopOut' at 'Assets/Showcases/game-ui/Generated/Presets/PopOut.asset' and 'Assets/Showcases/particles/Generated/Presets/PopOut.asset' — keeping the latter.
[Neo.UI] AnimationPresetRegistry: duplicate discovered key 'ShowDefault' at 'Assets/Showcases/effects/Generated/Presets/ShowDefault.asset' and 'Assets/Showcases/particles/Generated/Presets/ShowDefault.asset' — keeping the latter.
[Neo.UI] AnimationPresetRegistry: duplicate discovered key 'SlideDownOut' at 'Assets/Showcases/game-ui/Generated/Presets/SlideDownOut.asset' and 'Assets/Showcases/particles/Generated/Presets/SlideDownOut.asset' — keeping the latter.
[Neo.UI] AnimationPresetRegistry: duplicate discovered key 'SlideInLeft' at 'Assets/Showcases/game-ui/Generated/Presets/SlideInLeft.asset' and 'Assets/Showcases/particles/Generated/Presets/SlideInLeft.asset' — keeping the latter.
[Neo.UI] AnimationPresetRegistry: duplicate discovered key 'SlideOutLeft' at 'Assets/Showcases/game-ui/Generated/Presets/SlideOutLeft.asset' and 'Assets/Showcases/particles/Generated/Presets/SlideOutLeft.asset' — keeping the latter.
[Neo.UI] AnimationPresetRegistry: duplicate discovered key 'SlideUpIn' at 'Assets/Showcases/game-ui/Generated/Presets/SlideUpIn.asset' and 'Assets/Showcases/particles/Generated/Presets/SlideUpIn.asset' — keeping the latter.
[Neo.UI] AnimationPresetRegistry: duplicate discovered key 'FadeIn' at 'Assets/Showcases/particles/Generated/Presets/FadeIn.asset' and 'Assets/Showcases/popups/Generated/Presets/FadeIn.asset' — keeping the latter.
[Neo.UI] AnimationPresetRegistry: duplicate discovered key 'FadeOut' at 'Assets/Showcases/particles/Generated/Presets/FadeOut.asset' and 'Assets/Showcases/popups/Generated/Presets/FadeOut.asset' — keeping the latter.
[Neo.UI] AnimationPresetRegistry: duplicate discovered key 'HideDefault' at 'Assets/Showcases/particles/Generated/Presets/HideDefault.asset' and 'Assets/Showcases/popups/Generated/Presets/HideDefault.asset' — keeping the latter.
[Neo.UI] AnimationPresetRegistry: duplicate discovered key 'PopIn' at 'Assets/Showcases/particles/Generated/Presets/PopIn.asset' and 'Assets/Showcases/popups/Generated/Presets/PopIn.asset' — keeping the latter.
[Neo.UI] AnimationPresetRegistry: duplicate discovered key 'PopOut' at 'Assets/Showcases/particles/Generated/Presets/PopOut.asset' and 'Assets/Showcases/popups/Generated/Presets/PopOut.asset' — keeping the latter.
[Neo.UI] AnimationPresetRegistry: duplicate discovered key 'ShowDefault' at 'Assets/Showcases/particles/Generated/Presets/ShowDefault.asset' and 'Assets/Showcases/popups/Generated/Presets/ShowDefault.asset' — keeping the latter.
[Neo.UI] AnimationPresetRegistry: duplicate discovered key 'SlideDownOut' at 'Assets/Showcases/particles/Generated/Presets/SlideDownOut.asset' and 'Assets/Showcases/popups/Generated/Presets/SlideDownOut.asset' — keeping the latter.
[Neo.UI] AnimationPresetRegistry: duplicate discovered key 'SlideInLeft' at 'Assets/Showcases/particles/Generated/Presets/SlideInLeft.asset' and 'Assets/Showcases/popups/Generated/Presets/SlideInLeft.asset' — keeping the latter.
[Neo.UI] AnimationPresetRegistry: duplicate discovered key 'SlideOutLeft' at 'Assets/Showcases/particles/Generated/Presets/SlideOutLeft.asset' and 'Assets/Showcases/popups/Generated/Presets/SlideOutLeft.asset' — keeping the latter.
[Neo.UI] AnimationPresetRegistry: duplicate discovered key 'SlideUpIn' at 'Assets/Showcases/particles/Generated/Presets/SlideUpIn.asset' and 'Assets/Showcases/popups/Generated/Presets/SlideUpIn.asset' — keeping the latter.
[Neo.UI] AnimationPresetRegistry: duplicate discovered key 'HideDefault' at 'Assets/Showcases/popups/Generated/Presets/HideDefault.asset' and 'Assets/Showcases/presets/Generated/Presets/HideDefault.asset' — keeping the latter.
[Neo.UI] AnimationPresetRegistry: duplicate discovered key 'ShowDefault' at 'Assets/Showcases/popups/Generated/Presets/ShowDefault.asset' and 'Assets/Showcases/presets/Generated/Presets/ShowDefault.asset' — keeping the latter.
[Neo.UI] AnimationPresetRegistry: duplicate discovered key 'FadeIn' at 'Assets/Showcases/popups/Generated/Presets/FadeIn.asset' and 'Assets/Showcases/settings-menu/Generated/Presets/FadeIn.asset' — keeping the latter.
[Neo.UI] AnimationPresetRegistry: duplicate discovered key 'FadeOut' at 'Assets/Showcases/popups/Generated/Presets/FadeOut.asset' and 'Assets/Showcases/settings-menu/Generated/Presets/FadeOut.asset' — keeping the latter.
[Neo.UI] AnimationPresetRegistry: duplicate discovered key 'HideDefault' at 'Assets/Showcases/presets/Generated/Presets/HideDefault.asset' and 'Assets/Showcases/settings-menu/Generated/Presets/HideDefault.asset' — keeping the latter.
[Neo.UI] AnimationPresetRegistry: duplicate discovered key 'MenuIn' at 'Assets/Showcases/particles/Generated/Presets/MenuIn.asset' and 'Assets/Showcases/settings-menu/Generated/Presets/MenuIn.asset' — keeping the latter.
[Neo.UI] AnimationPresetRegistry: duplicate discovered key 'MenuOut' at 'Assets/Showcases/particles/Generated/Presets/MenuOut.asset' and 'Assets/Showcases/settings-menu/Generated/Presets/MenuOut.asset' — keeping the latter.
[Neo.UI] AnimationPresetRegistry: duplicate discovered key 'PopIn' at 'Assets/Showcases/popups/Generated/Presets/PopIn.asset' and 'Assets/Showcases/settings-menu/Generated/Presets/PopIn.asset' — keeping the latter.
[Neo.UI] AnimationPresetRegistry: duplicate discovered key 'PopOut' at 'Assets/Showcases/popups/Generated/Presets/PopOut.asset' and 'Assets/Showcases/settings-menu/Generated/Presets/PopOut.asset' — keeping the latter.
[Neo.UI] AnimationPresetRegistry: duplicate discovered key 'ShowDefault' at 'Assets/Showcases/presets/Generated/Presets/ShowDefault.asset' and 'Assets/Showcases/settings-menu/Generated/Presets/ShowDefault.asset' — keeping the latter.
[Neo.UI] AnimationPresetRegistry: duplicate discovered key 'SlideDownOut' at 'Assets/Showcases/popups/Generated/Presets/SlideDownOut.asset' and 'Assets/Showcases/settings-menu/Generated/Presets/SlideDownOut.asset' — keeping the latter.
[Neo.UI] AnimationPresetRegistry: duplicate discovered key 'SlideInLeft' at 'Assets/Showcases/popups/Generated/Presets/SlideInLeft.asset' and 'Assets/Showcases/settings-menu/Generated/Presets/SlideInLeft.asset' — keeping the latter.
[Neo.UI] AnimationPresetRegistry: duplicate discovered key 'SlideOutLeft' at 'Assets/Showcases/popups/Generated/Presets/SlideOutLeft.asset' and 'Assets/Showcases/settings-menu/Generated/Presets/SlideOutLeft.asset' — keeping the latter.
[Neo.UI] AnimationPresetRegistry: duplicate discovered key 'SlideUpIn' at 'Assets/Showcases/popups/Generated/Presets/SlideUpIn.asset' and 'Assets/Showcases/settings-menu/Generated/Presets/SlideUpIn.asset' — keeping the latter.
[Neo.UI] AnimationPresetRegistry: duplicate discovered key 'FadeIn' at 'Assets/Showcases/settings-menu/Generated/Presets/FadeIn.asset' and 'Assets/Showcases/tabs-panels/Generated/Presets/FadeIn.asset' — keeping the latter.
[Neo.UI] AnimationPresetRegistry: duplicate discovered key 'FadeOut' at 'Assets/Showcases/settings-menu/Generated/Presets/FadeOut.asset' and 'Assets/Showcases/tabs-panels/Generated/Presets/FadeOut.asset' — keeping the latter.
[Neo.UI] AnimationPresetRegistry: duplicate discovered key 'HideDefault' at 'Assets/Showcases/settings-menu/Generated/Presets/HideDefault.asset' and 'Assets/Showcases/tabs-panels/Generated/Presets/HideDefault.asset' — keeping the latter.
[Neo.UI] AnimationPresetRegistry: duplicate discovered key 'MenuIn' at 'Assets/Showcases/settings-menu/Generated/Presets/MenuIn.asset' and 'Assets/Showcases/tabs-panels/Generated/Presets/MenuIn.asset' — keeping the latter.
[Neo.UI] AnimationPresetRegistry: duplicate discovered key 'MenuOut' at 'Assets/Showcases/settings-menu/Generated/Presets/MenuOut.asset' and 'Assets/Showcases/tabs-panels/Generated/Presets/MenuOut.asset' — keeping the latter.
[Neo.UI] AnimationPresetRegistry: duplicate discovered key 'PopIn' at 'Assets/Showcases/settings-menu/Generated/Presets/PopIn.asset' and 'Assets/Showcases/tabs-panels/Generated/Presets/PopIn.asset' — keeping the latter.
[Neo.UI] AnimationPresetRegistry: duplicate discovered key 'PopOut' at 'Assets/Showcases/settings-menu/Generated/Presets/PopOut.asset' and 'Assets/Showcases/tabs-panels/Generated/Presets/PopOut.asset' — keeping the latter.
[Neo.UI] AnimationPresetRegistry: duplicate discovered key 'ShowDefault' at 'Assets/Showcases/settings-menu/Generated/Presets/ShowDefault.asset' and 'Assets/Showcases/tabs-panels/Generated/Presets/ShowDefault.asset' — keeping the latter.
[Neo.UI] AnimationPresetRegistry: duplicate discovered key 'SlideDownOut' at 'Assets/Showcases/settings-menu/Generated/Presets/SlideDownOut.asset' and 'Assets/Showcases/tabs-panels/Generated/Presets/SlideDownOut.asset' — keeping the latter.
[Neo.UI] AnimationPresetRegistry: duplicate discovered key 'SlideInLeft' at 'Assets/Showcases/settings-menu/Generated/Presets/SlideInLeft.asset' and 'Assets/Showcases/tabs-panels/Generated/Presets/SlideInLeft.asset' — keeping the latter.
[Neo.UI] AnimationPresetRegistry: duplicate discovered key 'SlideOutLeft' at 'Assets/Showcases/settings-menu/Generated/Presets/SlideOutLeft.asset' and 'Assets/Showcases/tabs-panels/Generated/Presets/SlideOutLeft.asset' — keeping the latter.
[Neo.UI] AnimationPresetRegistry: duplicate discovered key 'SlideUpIn' at 'Assets/Showcases/settings-menu/Generated/Presets/SlideUpIn.asset' and 'Assets/Showcases/tabs-panels/Generated/Presets/SlideUpIn.asset' — keeping the latter.
[Neo.UI] AnimationPresetRegistry: duplicate discovered key 'FadeIn' at 'Assets/Showcases/tabs-panels/Generated/Presets/FadeIn.asset' and 'Assets/Showcases/toggles-switches/Generated/Presets/FadeIn.asset' — keeping the latter.
[Neo.UI] AnimationPresetRegistry: duplicate discovered key 'FadeOut' at 'Assets/Showcases/tabs-panels/Generated/Presets/FadeOut.asset' and 'Assets/Showcases/toggles-switches/Generated/Presets/FadeOut.asset' — keeping the latter.
[Neo.UI] AnimationPresetRegistry: duplicate discovered key 'HideDefault' at 'Assets/Showcases/tabs-panels/Generated/Presets/HideDefault.asset' and 'Assets/Showcases/toggles-switches/Generated/Presets/HideDefault.asset' — keeping the latter.
[Neo.UI] AnimationPresetRegistry: duplicate discovered key 'MenuIn' at 'Assets/Showcases/tabs-panels/Generated/Presets/MenuIn.asset' and 'Assets/Showcases/toggles-switches/Generated/Presets/MenuIn.asset' — keeping the latter.
[Neo.UI] AnimationPresetRegistry: duplicate discovered key 'MenuOut' at 'Assets/Showcases/tabs-panels/Generated/Presets/MenuOut.asset' and 'Assets/Showcases/toggles-switches/Generated/Presets/MenuOut.asset' — keeping the latter.
[Neo.UI] AnimationPresetRegistry: duplicate discovered key 'PopIn' at 'Assets/Showcases/tabs-panels/Generated/Presets/PopIn.asset' and 'Assets/Showcases/toggles-switches/Generated/Presets/PopIn.asset' — keeping the latter.
[Neo.UI] AnimationPresetRegistry: duplicate discovered key 'PopOut' at 'Assets/Showcases/tabs-panels/Generated/Presets/PopOut.asset' and 'Assets/Showcases/toggles-switches/Generated/Presets/PopOut.asset' — keeping the latter.
[Neo.UI] AnimationPresetRegistry: duplicate discovered key 'ShowDefault' at 'Assets/Showcases/tabs-panels/Generated/Presets/ShowDefault.asset' and 'Assets/Showcases/toggles-switches/Generated/Presets/ShowDefault.asset' — keeping the latter.
[Neo.UI] AnimationPresetRegistry: duplicate discovered key 'SlideDownOut' at 'Assets/Showcases/tabs-panels/Generated/Presets/SlideDownOut.asset' and 'Assets/Showcases/toggles-switches/Generated/Presets/SlideDownOut.asset' — keeping the latter.
[Neo.UI] AnimationPresetRegistry: duplicate discovered key 'SlideInLeft' at 'Assets/Showcases/tabs-panels/Generated/Presets/SlideInLeft.asset' and 'Assets/Showcases/toggles-switches/Generated/Presets/SlideInLeft.asset' — keeping the latter.
[Neo.UI] AnimationPresetRegistry: duplicate discovered key 'SlideOutLeft' at 'Assets/Showcases/tabs-panels/Generated/Presets/SlideOutLeft.asset' and 'Assets/Showcases/toggles-switches/Generated/Presets/SlideOutLeft.asset' — keeping the latter.
[Neo.UI] AnimationPresetRegistry: duplicate discovered key 'SlideUpIn' at 'Assets/Showcases/tabs-panels/Generated/Presets/SlideUpIn.asset' and 'Assets/Showcases/toggles-switches/Generated/Presets/SlideUpIn.asset' — keeping the latter.
[Neo.UI] AnimationPresetRegistry: duplicate discovered key 'HideDefault' at 'Assets/Showcases/toggles-switches/Generated/Presets/HideDefault.asset' and 'Assets/Showcases/transitions/Generated/Presets/HideDefault.asset' — keeping the latter.
[Neo.UI] AnimationPresetRegistry: duplicate discovered key 'ShowDefault' at 'Assets/Showcases/toggles-switches/Generated/Presets/ShowDefault.asset' and 'Assets/Showcases/transitions/Generated/Presets/ShowDefault.asset' — keeping the latter.
]]></output>
              </test-case>
              <test-case id="1041" name="DuplicateDiscoveredPresetName_WarnsAndKeepsOneEntry_LastDiscoveredWins" fullname="Neo.UI.Tests.AnimationPresetRegistryTests.DuplicateDiscoveredPresetName_WarnsAndKeepsOneEntry_LastDiscoveredWins" methodname="DuplicateDiscoveredPresetName_WarnsAndKeepsOneEntry_LastDiscoveredWins" classname="Neo.UI.Tests.AnimationPresetRegistryTests" runstate="Runnable" seed="1168147885" result="Passed" start-time="2026-07-10 20:28:59Z" end-time="2026-07-10 20:28:59Z" duration="0.249136" asserts="0">
                <properties>
                  <property name="retryIteration" value="0" />
                  <property name="repeatIteration" value="0" />
                </properties>
                <output><![CDATA[[Neo.UI] AnimationPresetRegistry: duplicate discovered key 'FadeIn' at 'Assets/Neo UI Framework/Animations/Show_FadeIn.asset' and 'Assets/Showcases/buttons/Generated/Presets/FadeIn.asset' — keeping the latter.
[Neo.UI] AnimationPresetRegistry: duplicate discovered key 'FadeOut' at 'Assets/Neo UI Framework/Animations/Hide_FadeOut.asset' and 'Assets/Showcases/buttons/Generated/Presets/FadeOut.asset' — keeping the latter.
[Neo.UI] AnimationPresetRegistry: duplicate discovered key 'HideDefault' at 'Assets/Neo UI Generated/Presets/HideDefault.asset' and 'Assets/Showcases/buttons/Generated/Presets/HideDefault.asset' — keeping the latter.
[Neo.UI] AnimationPresetRegistry: duplicate discovered key 'ShowDefault' at 'Assets/Neo UI Generated/Presets/ShowDefault.asset' and 'Assets/Showcases/buttons/Generated/Presets/ShowDefault.asset' — keeping the latter.
[Neo.UI] AnimationPresetRegistry: duplicate discovered key 'SlideInLeft' at 'Assets/Neo UI Framework/Animations/Show_SlideInLeft.asset' and 'Assets/Showcases/buttons/Generated/Presets/SlideInLeft.asset' — keeping the latter.
[Neo.UI] AnimationPresetRegistry: duplicate discovered key 'SlideOutLeft' at 'Assets/Neo UI Framework/Animations/Hide_SlideOutLeft.asset' and 'Assets/Showcases/buttons/Generated/Presets/SlideOutLeft.asset' — keeping the latter.
[Neo.UI] AnimationPresetRegistry: duplicate discovered key 'FadeIn' at 'Assets/Showcases/buttons/Generated/Presets/FadeIn.asset' and 'Assets/Showcases/color-a-cube/Generated/Presets/FadeIn.asset' — keeping the latter.
[Neo.UI] AnimationPresetRegistry: duplicate discovered key 'FadeOut' at 'Assets/Showcases/buttons/Generated/Presets/FadeOut.asset' and 'Assets/Showcases/color-a-cube/Generated/Presets/FadeOut.asset' — keeping the latter.
[Neo.UI] AnimationPresetRegistry: duplicate discovered key 'FadeIn' at 'Assets/Showcases/color-a-cube/Generated/Presets/FadeIn.asset' and 'Assets/Showcases/effects/Generated/Presets/FadeIn.asset' — keeping the latter.
[Neo.UI] AnimationPresetRegistry: duplicate discovered key 'FadeOut' at 'Assets/Showcases/color-a-cube/Generated/Presets/FadeOut.asset' and 'Assets/Showcases/effects/Generated/Presets/FadeOut.asset' — keeping the latter.
[Neo.UI] AnimationPresetRegistry: duplicate discovered key 'HideDefault' at 'Assets/Showcases/buttons/Generated/Presets/HideDefault.asset' and 'Assets/Showcases/effects/Generated/Presets/HideDefault.asset' — keeping the latter.
[Neo.UI] AnimationPresetRegistry: duplicate discovered key 'MenuIn' at 'Assets/Showcases/buttons/Generated/Presets/MenuIn.asset' and 'Assets/Showcases/effects/Generated/Presets/MenuIn.asset' — keeping the latter.
[Neo.UI] AnimationPresetRegistry: duplicate discovered key 'MenuOut' at 'Assets/Showcases/buttons/Generated/Presets/MenuOut.asset' and 'Assets/Showcases/effects/Generated/Presets/MenuOut.asset' — keeping the latter.
[Neo.UI] AnimationPresetRegistry: duplicate discovered key 'PopIn' at 'Assets/Showcases/buttons/Generated/Presets/PopIn.asset' and 'Assets/Showcases/effects/Generated/Presets/PopIn.asset' — keeping the latter.
[Neo.UI] AnimationPresetRegistry: duplicate discovered key 'PopOut' at 'Assets/Showcases/buttons/Generated/Presets/PopOut.asset' and 'Assets/Showcases/effects/Generated/Presets/PopOut.asset' — keeping the latter.
[Neo.UI] AnimationPresetRegistry: duplicate discovered key 'ShowDefault' at 'Assets/Showcases/buttons/Generated/Presets/ShowDefault.asset' and 'Assets/Showcases/effects/Generated/Presets/ShowDefault.asset' — keeping the latter.
[Neo.UI] AnimationPresetRegistry: duplicate discovered key 'SlideDownOut' at 'Assets/Showcases/buttons/Generated/Presets/SlideDownOut.asset' and 'Assets/Showcases/effects/Generated/Presets/SlideDownOut.asset' — keeping the latter.
[Neo.UI] AnimationPresetRegistry: duplicate discovered key 'SlideInLeft' at 'Assets/Showcases/buttons/Generated/Presets/SlideInLeft.asset' and 'Assets/Showcases/effects/Generated/Presets/SlideInLeft.asset' — keeping the latter.
[Neo.UI] AnimationPresetRegistry: duplicate discovered key 'SlideOutLeft' at 'Assets/Showcases/buttons/Generated/Presets/SlideOutLeft.asset' and 'Assets/Showcases/effects/Generated/Presets/SlideOutLeft.asset' — keeping the latter.
[Neo.UI] AnimationPresetRegistry: duplicate discovered key 'SlideUpIn' at 'Assets/Showcases/buttons/Generated/Presets/SlideUpIn.asset' and 'Assets/Showcases/effects/Generated/Presets/SlideUpIn.asset' — keeping the latter.
[Neo.UI] AnimationPresetRegistry: duplicate discovered key 'FadeIn' at 'Assets/Showcases/effects/Generated/Presets/FadeIn.asset' and 'Assets/Showcases/game-ui/Generated/Presets/FadeIn.asset' — keeping the latter.
[Neo.UI] AnimationPresetRegistry: duplicate discovered key 'FadeOut' at 'Assets/Showcases/effects/Generated/Presets/FadeOut.asset' and 'Assets/Showcases/game-ui/Generated/Presets/FadeOut.asset' — keeping the latter.
[Neo.UI] AnimationPresetRegistry: duplicate discovered key 'PopIn' at 'Assets/Showcases/effects/Generated/Presets/PopIn.asset' and 'Assets/Showcases/game-ui/Generated/Presets/PopIn.asset' — keeping the latter.
[Neo.UI] AnimationPresetRegistry: duplicate discovered key 'PopOut' at 'Assets/Showcases/effects/Generated/Presets/PopOut.asset' and 'Assets/Showcases/game-ui/Generated/Presets/PopOut.asset' — keeping the latter.
[Neo.UI] AnimationPresetRegistry: duplicate discovered key 'SlideDownOut' at 'Assets/Showcases/effects/Generated/Presets/SlideDownOut.asset' and 'Assets/Showcases/game-ui/Generated/Presets/SlideDownOut.asset' — keeping the latter.
[Neo.UI] AnimationPresetRegistry: duplicate discovered key 'SlideInLeft' at 'Assets/Showcases/effects/Generated/Presets/SlideInLeft.asset' and 'Assets/Showcases/game-ui/Generated/Presets/SlideInLeft.asset' — keeping the latter.
[Neo.UI] AnimationPresetRegistry: duplicate discovered key 'SlideOutLeft' at 'Assets/Showcases/effects/Generated/Presets/SlideOutLeft.asset' and 'Assets/Showcases/game-ui/Generated/Presets/SlideOutLeft.asset' — keeping the latter.
[Neo.UI] AnimationPresetRegistry: duplicate discovered key 'SlideUpIn' at 'Assets/Showcases/effects/Generated/Presets/SlideUpIn.asset' and 'Assets/Showcases/game-ui/Generated/Presets/SlideUpIn.asset' — keeping the latter.
[Neo.UI] AnimationPresetRegistry: duplicate discovered key 'FadeIn' at 'Assets/Showcases/game-ui/Generated/Presets/FadeIn.asset' and 'Assets/Showcases/particles/Generated/Presets/FadeIn.asset' — keeping the latter.
[Neo.UI] AnimationPresetRegistry: duplicate discovered key 'FadeOut' at 'Assets/Showcases/game-ui/Generated/Presets/FadeOut.asset' and 'Assets/Showcases/particles/Generated/Presets/FadeOut.asset' — keeping the latter.
[Neo.UI] AnimationPresetRegistry: duplicate discovered key 'HideDefault' at 'Assets/Showcases/effects/Generated/Presets/HideDefault.asset' and 'Assets/Showcases/particles/Generated/Presets/HideDefault.asset' — keeping the latter.
[Neo.UI] AnimationPresetRegistry: duplicate discovered key 'MenuIn' at 'Assets/Showcases/effects/Generated/Presets/MenuIn.asset' and 'Assets/Showcases/particles/Generated/Presets/MenuIn.asset' — keeping the latter.
[Neo.UI] AnimationPresetRegistry: duplicate discovered key 'MenuOut' at 'Assets/Showcases/effects/Generated/Presets/MenuOut.asset' and 'Assets/Showcases/particles/Generated/Presets/MenuOut.asset' — keeping the latter.
[Neo.UI] AnimationPresetRegistry: duplicate discovered key 'PopIn' at 'Assets/Showcases/game-ui/Generated/Presets/PopIn.asset' and 'Assets/Showcases/particles/Generated/Presets/PopIn.asset' — keeping the latter.
[Neo.UI] AnimationPresetRegistry: duplicate discovered key 'PopOut' at 'Assets/Showcases/game-ui/Generated/Presets/PopOut.asset' and 'Assets/Showcases/particles/Generated/Presets/PopOut.asset' — keeping the latter.
[Neo.UI] AnimationPresetRegistry: duplicate discovered key 'ShowDefault' at 'Assets/Showcases/effects/Generated/Presets/ShowDefault.asset' and 'Assets/Showcases/particles/Generated/Presets/ShowDefault.asset' — keeping the latter.
[Neo.UI] AnimationPresetRegistry: duplicate discovered key 'SlideDownOut' at 'Assets/Showcases/game-ui/Generated/Presets/SlideDownOut.asset' and 'Assets/Showcases/particles/Generated/Presets/SlideDownOut.asset' — keeping the latter.
[Neo.UI] AnimationPresetRegistry: duplicate discovered key 'SlideInLeft' at 'Assets/Showcases/game-ui/Generated/Presets/SlideInLeft.asset' and 'Assets/Showcases/particles/Generated/Presets/SlideInLeft.asset' — keeping the latter.
[Neo.UI] AnimationPresetRegistry: duplicate discovered key 'SlideOutLeft' at 'Assets/Showcases/game-ui/Generated/Presets/SlideOutLeft.asset' and 'Assets/Showcases/particles/Generated/Presets/SlideOutLeft.asset' — keeping the latter.
[Neo.UI] AnimationPresetRegistry: duplicate discovered key 'SlideUpIn' at 'Assets/Showcases/game-ui/Generated/Presets/SlideUpIn.asset' and 'Assets/Showcases/particles/Generated/Presets/SlideUpIn.asset' — keeping the latter.
[Neo.UI] AnimationPresetRegistry: duplicate discovered key 'FadeIn' at 'Assets/Showcases/particles/Generated/Presets/FadeIn.asset' and 'Assets/Showcases/popups/Generated/Presets/FadeIn.asset' — keeping the latter.
[Neo.UI] AnimationPresetRegistry: duplicate discovered key 'FadeOut' at 'Assets/Showcases/particles/Generated/Presets/FadeOut.asset' and 'Assets/Showcases/popups/Generated/Presets/FadeOut.asset' — keeping the latter.
[Neo.UI] AnimationPresetRegistry: duplicate discovered key 'HideDefault' at 'Assets/Showcases/particles/Generated/Presets/HideDefault.asset' and 'Assets/Showcases/popups/Generated/Presets/HideDefault.asset' — keeping the latter.
[Neo.UI] AnimationPresetRegistry: duplicate discovered key 'PopIn' at 'Assets/Showcases/particles/Generated/Presets/PopIn.asset' and 'Assets/Showcases/popups/Generated/Presets/PopIn.asset' — keeping the latter.
[Neo.UI] AnimationPresetRegistry: duplicate discovered key 'PopOut' at 'Assets/Showcases/particles/Generated/Presets/PopOut.asset' and 'Assets/Showcases/popups/Generated/Presets/PopOut.asset' — keeping the latter.
[Neo.UI] AnimationPresetRegistry: duplicate discovered key 'ShowDefault' at 'Assets/Showcases/particles/Generated/Presets/ShowDefault.asset' and 'Assets/Showcases/popups/Generated/Presets/ShowDefault.asset' — keeping the latter.
[Neo.UI] AnimationPresetRegistry: duplicate discovered key 'SlideDownOut' at 'Assets/Showcases/particles/Generated/Presets/SlideDownOut.asset' and 'Assets/Showcases/popups/Generated/Presets/SlideDownOut.asset' — keeping the latter.
[Neo.UI] AnimationPresetRegistry: duplicate discovered key 'SlideInLeft' at 'Assets/Showcases/particles/Generated/Presets/SlideInLeft.asset' and 'Assets/Showcases/popups/Generated/Presets/SlideInLeft.asset' — keeping the latter.
[Neo.UI] AnimationPresetRegistry: duplicate discovered key 'SlideOutLeft' at 'Assets/Showcases/particles/Generated/Presets/SlideOutLeft.asset' and 'Assets/Showcases/popups/Generated/Presets/SlideOutLeft.asset' — keeping the latter.
[...]
                  <property name="repeatIteration" value="0" />
                </properties>
                <output><![CDATA[[Neo.UI] A text style named 'Title' already exists — rename ignored.
]]></output>
              </test-case>
              <test-case id="1861" name="TryRenameTextStyle_RenamesInPlace_KeepingTheSameEntry" fullname="Neo.UI.Tests.TypographyTabTests.TryRenameTextStyle_RenamesInPlace_KeepingTheSameEntry" methodname="TryRenameTextStyle_RenamesInPlace_KeepingTheSameEntry" classname="Neo.UI.Tests.TypographyTabTests" runstate="Runnable" seed="1143804959" result="Passed" start-time="2026-07-10 20:30:14Z" end-time="2026-07-10 20:30:14Z" duration="0.000417" asserts="0">
                <properties>
                  <property name="retryIteration" value="0" />
                  <property name="repeatIteration" value="0" />
                </properties>
              </test-case>
            </test-suite>
            <test-suite type="TestFixture" id="1864" name="TypographyTests" fullname="Neo.UI.Tests.TypographyTests" classname="Neo.UI.Tests.TypographyTests" runstate="Runnable" testcasecount="6" result="Passed" start-time="2026-07-10 20:30:14Z" end-time="2026-07-10 20:30:15Z" duration="0.907570" total="6" passed="6" failed="0" inconclusive="0" skipped="0" asserts="0">
              <properties />
              <test-case id="1870" name="Export_Generate_Export_IsFixedPoint_WithTextStyles" fullname="Neo.UI.Tests.TypographyTests.Export_Generate_Export_IsFixedPoint_WithTextStyles" methodname="Export_Generate_Export_IsFixedPoint_WithTextStyles" classname="Neo.UI.Tests.TypographyTests" runstate="Runnable" seed="1905803959" result="Passed" start-time="2026-07-10 20:30:14Z" end-time="2026-07-10 20:30:14Z" duration="0.322444" asserts="0">
                <properties>
                  <property name="retryIteration" value="0" />
                  <property name="repeatIteration" value="0" />
                </properties>
              </test-case>
              <test-case id="1869" name="Export_TextStyle_OwnsTheSize" fullname="Neo.UI.Tests.TypographyTests.Export_TextStyle_OwnsTheSize" methodname="Export_TextStyle_OwnsTheSize" classname="Neo.UI.Tests.TypographyTests" runstate="Runnable" seed="1608353883" result="Passed" start-time="2026-07-10 20:30:14Z" end-time="2026-07-10 20:30:14Z" duration="0.104864" asserts="0">
                <properties>
                  <property name="retryIteration" value="0" />
                  <property name="repeatIteration" value="0" />
                </properties>
              </test-case>
              <test-case id="1868" name="Generate_TextStyle_BindsAndBakes" fullname="Neo.UI.Tests.TypographyTests.Generate_TextStyle_BindsAndBakes" methodname="Generate_TextStyle_BindsAndBakes" classname="Neo.UI.Tests.TypographyTests" runstate="Runnable" seed="565049153" result="Passed" start-time="2026-07-10 20:30:14Z" end-time="2026-07-10 20:30:14Z" duration="0.104872" asserts="0">
                <properties>
                  <property name="retryIteration" value="0" />
                  <property name="repeatIteration" value="0" />
                </properties>
              </test-case>
              <test-case id="1867" name="StarterKit_CreatesTypeScale_AndFontAssets" fullname="Neo.UI.Tests.TypographyTests.StarterKit_CreatesTypeScale_AndFontAssets" methodname="StarterKit_CreatesTypeScale_AndFontAssets" classname="Neo.UI.Tests.TypographyTests" runstate="Runnable" seed="1304978777" result="Passed" start-time="2026-07-10 20:30:14Z" end-time="2026-07-10 20:30:14Z" duration="0.332378" asserts="0">
                <properties>
                  <property name="retryIteration" value="0" />
                  <property name="repeatIteration" value="0" />
                </properties>
              </test-case>
              <test-case id="1866" name="TextStyleTarget_AppliesAndFollowsThemeChanges" fullname="Neo.UI.Tests.TypographyTests.TextStyleTarget_AppliesAndFollowsThemeChanges" methodname="TextStyleTarget_AppliesAndFollowsThemeChanges" classname="Neo.UI.Tests.TypographyTests" runstate="Runnable" seed="1291835245" result="Passed" start-time="2026-07-10 20:30:14Z" end-time="2026-07-10 20:30:14Z" duration="0.001465" asserts="0">
                <properties>
                  <property name="retryIteration" value="0" />
                  <property name="repeatIteration" value="0" />
                </properties>
              </test-case>
              <test-case id="1865" name="Theme_TextStyleApi_MirrorsShapeStyles" fullname="Neo.UI.Tests.TypographyTests.Theme_TextStyleApi_MirrorsShapeStyles" methodname="Theme_TextStyleApi_MirrorsShapeStyles" classname="Neo.UI.Tests.TypographyTests" runstate="Runnable" seed="1041260098" result="Passed" start-time="2026-07-10 20:30:14Z" end-time="2026-07-10 20:30:14Z" duration="0.000663" asserts="0">
                <properties>
                  <property name="retryIteration" value="0" />
                  <property name="repeatIteration" value="0" />
                </properties>
              </test-case>
            </test-suite>
            <test-suite type="TestFixture" id="1871" name="UserSettingsServiceTests" fullname="Neo.UI.Tests.UserSettingsServiceTests" classname="Neo.UI.Tests.UserSettingsServiceTests" runstate="Runnable" testcasecount="8" result="Passed" start-time="2026-07-10 20:30:15Z" end-time="2026-07-10 20:30:15Z" duration="0.011211" total="8" passed="8" failed="0" inconclusive="0" skipped="0" asserts="0">
              <properties />
              <test-case id="1877" name="Bind_GetterIsSourceOfTruth_SetterDriven" fullname="Neo.UI.Tests.UserSettingsServiceTests.Bind_GetterIsSourceOfTruth_SetterDriven" methodname="Bind_GetterIsSourceOfTruth_SetterDriven" classname="Neo.UI.Tests.UserSettingsServiceTests" runstate="Runnable" seed="1631057714" result="Passed" start-time="2026-07-10 20:30:15Z" end-time="2026-07-10 20:30:15Z" duration="0.001276" asserts="0">
                <properties>
                  <property name="retryIteration" value="0" />
                  <property name="repeatIteration" value="0" />
                </properties>
              </test-case>
              <test-case id="1879" name="FireCheat_SignalsOnCheatStream" fullname="Neo.UI.Tests.UserSettingsServiceTests.FireCheat_SignalsOnCheatStream" methodname="FireCheat_SignalsOnCheatStream" classname="Neo.UI.Tests.UserSettingsServiceTests" runstate="Runnable" seed="202929106" result="Passed" start-time="2026-07-10 20:30:15Z" end-time="2026-07-10 20:30:15Z" duration="0.000338" asserts="0">
                <properties>
                  <property name="retryIteration" value="0" />
                  <property name="repeatIteration" value="0" />
                </properties>
              </test-case>
              <test-case id="1872" name="Get_FallsBackToCatalogDefault" fullname="Neo.UI.Tests.UserSettingsServiceTests.Get_FallsBackToCatalogDefault" methodname="Get_FallsBackToCatalogDefault" classname="Neo.UI.Tests.UserSettingsServiceTests" runstate="Runnable" seed="293318848" result="Passed" start-time="2026-07-10 20:30:15Z" end-time="2026-07-10 20:30:15Z" duration="0.000310" asserts="0">
                <properties>
                  <property name="retryIteration" value="0" />
                  <property name="repeatIteration" value="0" />
                </properties>
              </test-case>
              <test-case id="1875" name="Get_UnknownId_WarnsAndReturnsDefault" fullname="Neo.UI.Tests.UserSettingsServiceTests.Get_UnknownId_WarnsAndReturnsDefault" methodname="Get_UnknownId_WarnsAndReturnsDefault" classname="Neo.UI.Tests.UserSettingsServiceTests" runstate="Runnable" seed="2111689005" result="Passed" start-time="2026-07-10 20:30:15Z" end-time="2026-07-10 20:30:15Z" duration="0.000908" asserts="0">
                <properties>
                  <property name="retryIteration" value="0" />
                  <property name="repeatIteration" value="0" />
                </properties>
                <output><![CDATA[[UserSettingsService] Get on unknown setting 'Nope/Nope' — no binding, store value or catalog entry. Returning default.
]]></output>
              </test-case>
              <test-case id="1878" name="ResetToDefault_RestoresCatalogValue" fullname="Neo.UI.Tests.UserSettingsServiceTests.ResetToDefault_RestoresCatalogValue" methodname="ResetToDefault_RestoresCatalogValue" classname="Neo.UI.Tests.UserSettingsServiceTests" runstate="Runnable" seed="1444995500" result="Passed" start-time="2026-07-10 20:30:15Z" end-time="2026-07-10 20:30:15Z" duration="0.000546" asserts="0">
                <properties>
                  <property name="retryIteration" value="0" />
                  <property name="repeatIteration" value="0" />
                </properties>
              </test-case>
              <test-case id="1873" name="Set_Commit_PersistsAndSignals" fullname="Neo.UI.Tests.UserSettingsServiceTests.Set_Commit_PersistsAndSignals" methodname="Set_Commit_PersistsAndSignals" classname="Neo.UI.Tests.UserSettingsServiceTests" runstate="Runnable" seed="1131050618" result="Passed" start-time="2026-07-10 20:30:15Z" end-time="2026-07-10 20:30:15Z" duration="0.000672" asserts="0">
                <properties>
                  <property name="retryIteration" value="0" />
                  <property name="repeatIteration" value="0" />
                </properties>
              </test-case>
              <test-case id="1874" name="Set_Preview_SignalsButDoesNotPersist" fullname="Neo.UI.Tests.UserSettingsServiceTests.Set_Preview_SignalsButDoesNotPersist" methodname="Set_Preview_SignalsButDoesNotPersist" classname="Neo.UI.Tests.UserSettingsServiceTests" runstate="Runnable" seed="2004771441" result="Passed" start-time="2026-07-10 20:30:15Z" end-time="2026-07-10 20:30:15Z" duration="0.000597" asserts="0">
                <properties>
                  <property name="retryIteration" value="0" />
                  <property name="repeatIteration" value="0" />
                </properties>
              </test-case>
              <test-case id="1876" name="Store_RoundTripsAllValueTypes" fullname="Neo.UI.Tests.UserSettingsServiceTests.Store_RoundTripsAllValueTypes" methodname="Store_RoundTripsAllValueTypes" classname="Neo.UI.Tests.UserSettingsServiceTests" runstate="Runnable" seed="1253119688" result="Passed" start-time="2026-07-10 20:30:15Z" end-time="2026-07-10 20:30:15Z" duration="0.003901" asserts="0">
                <properties>
                  <property name="retryIteration" value="0" />
                  <property name="repeatIteration" value="0" />
                </properties>
                <output><![CDATA[[UserSettingsService] Set on unknown setting 'T/B' — no binding or catalog entry. Value will still persist + signal.
[UserSettingsService] Set on unknown setting 'T/I' — no binding or catalog entry. Value will still persist + signal.
[UserSettingsService] Set on unknown setting 'T/F' — no binding or catalog entry. Value will still persist + signal.
[UserSettingsService] Set on unknown setting 'T/S' — no binding or catalog entry. Value will still persist + signal.
]]></output>
              </test-case>
            </test-suite>
            <test-suite type="TestFixture" id="1880" name="VStackFixedWidthTests" fullname="Neo.UI.Tests.VStackFixedWidthTests" classname="Neo.UI.Tests.VStackFixedWidthTests" runstate="Runnable" testcasecount="1" result="Passed" start-time="2026-07-10 20:30:15Z" end-time="2026-07-10 20:30:15Z" duration="0.207034" total="1" passed="1" failed="0" inconclusive="0" skipped="0" asserts="0">
              <properties />
              <test-case id="1881" name="FixedChild_InForceExpandingVStack_KeepsAuthoredWidth" fullname="Neo.UI.Tests.VStackFixedWidthTests.FixedChild_InForceExpandingVStack_KeepsAuthoredWidth" methodname="FixedChild_InForceExpandingVStack_KeepsAuthoredWidth" classname="Neo.UI.Tests.VStackFixedWidthTests" runstate="Runnable" seed="1458367852" result="Passed" start-time="2026-07-10 20:30:15Z" end-time="2026-07-10 20:30:15Z" duration="0.206085" asserts="0">
                <properties>
                  <property name="retryIteration" value="0" />
                  <property name="repeatIteration" value="0" />
                </properties>
              </test-case>
            </test-suite>
            <test-suite type="TestFixture" id="1882" name="WidgetAttributeRegistryTests" fullname="Neo.UI.Tests.WidgetAttributeRegistryTests" classname="Neo.UI.Tests.WidgetAttributeRegistryTests" runstate="Runnable" testcasecount="10" result="Passed" start-time="2026-07-10 20:30:15Z" end-time="2026-07-10 20:30:15Z" duration="0.529858" total="10" passed="10" failed="0" inconclusive="0" skipped="0" asserts="0">
              <properties />
              <test-case id="1885" name="All_ReturnsSnapshot_CallerCannotMutateSeed" fullname="Neo.UI.Tests.WidgetAttributeRegistryTests.All_ReturnsSnapshot_CallerCannotMutateSeed" methodname="All_ReturnsSnapshot_CallerCannotMutateSeed" classname="Neo.UI.Tests.WidgetAttributeRegistryTests" runstate="Runnable" seed="1272740374" result="Passed" start-time="2026-07-10 20:30:15Z" end-time="2026-07-10 20:30:15Z" duration="0.001279" asserts="0">
                <properties>
                  <property name="retryIteration" value="0" />
                  <property name="repeatIteration" value="0" />
                </properties>
              </test-case>
              <test-case id="1891" name="BuiltInTabVariant_IsByteIdentical_WhenNoAssetOverridesIt" fullname="Neo.UI.Tests.WidgetAttributeRegistryTests.BuiltInTabVariant_IsByteIdentical_WhenNoAssetOverridesIt" methodname="BuiltInTabVariant_IsByteIdentical_WhenNoAssetOverridesIt" classname="Neo.UI.Tests.WidgetAttributeRegistryTests" runstate="Runnable" seed="630876425" result="Passed" start-time="2026-07-10 20:30:15Z" end-time="2026-07-10 20:30:15Z" duration="0.178546" asserts="0">
                <properties>
                  <property name="retryIteration" value="0" />
                  <property name="repeatIteration" value="0" />
                </properties>
              </test-case>
              <test-case id="1889" name="BuiltInVariant_IsByteIdentical_WhenNoAssetOverridesIt" fullname="Neo.UI.Tests.WidgetAttributeRegistryTests.BuiltInVariant_IsByteIdentical_WhenNoAssetOverridesIt" methodname="BuiltInVariant_IsByteIdentical_WhenNoAssetOverridesIt" classname="Neo.UI.Tests.WidgetAttributeRegistryTests" runstate="Runnable" seed="678204403" result="Passed" start-time="2026-07-10 20:30:15Z" end-time="2026-07-10 20:30:15Z" duration="0.101154" asserts="0">
                <properties>
                  <property name="retryIteration" value="0" />
                  <property name="repeatIteration" value="0" />
                </properties>
              </test-case>
              <test-case id="1892" name="IconOverlay_ResolvesBeforeBuiltInDict_AndReverses" fullname="Neo.UI.Tests.WidgetAttributeRegistryTests.IconOverlay_ResolvesBeforeBuiltInDict_AndReverses" methodname="IconOverlay_ResolvesBeforeBuiltInDict_AndReverses" classname="Neo.UI.Tests.WidgetAttributeRegistryTests" runstate="Runnable" seed="368616962" result="Passed" start-time="2026-07-10 20:30:15Z" end-time="2026-07-10 20:30:15Z" duration="0.001675" asserts="0">
                <properties>
                  <property name="retryIteration" value="0" />
                  <property name="repeatIteration" value="0" />
                </properties>
              </test-case>
              <test-case id="1883" name="OptionSets_SeedExactlyTheBuiltIns" fullname="Neo.UI.Tests.WidgetAttributeRegistryTests.OptionSets_SeedExactlyTheBuiltIns" methodname="OptionSets_SeedExactlyTheBuiltIns" classname="Neo.UI.Tests.WidgetAttributeRegistryTests" runstate="Runnable" seed="1297831523" result="Passed" start-time="2026-07-10 20:30:15Z" end-time="2026-07-10 20:30:15Z" duration="0.001912" asserts="0">
                <properties>
                  <property name="retryIteration" value="0" />
                  <property name="repeatIteration" value="0" />
                </properties>
              </test-case>
              <test-case id="1890" name="ProjectVariant_FlowsThroughCreateTab_LikeCreateButton" fullname="Neo.UI.Tests.WidgetAttributeRegistryTests.ProjectVariant_FlowsThroughCreateTab_LikeCreateButton" methodname="ProjectVariant_FlowsThroughCreateTab_LikeCreateButton" classname="Neo.UI.Tests.WidgetAttributeRegistryTests" runstate="Runnable" seed="921798070" result="Passed" start-time="2026-07-10 20:30:15Z" end-time="2026-07-10 20:30:15Z" duration="0.097273" asserts="0">
                <properties>
                  <property name="retryIteration" value="0" />
                  <property name="repeatIteration" value="0" />
                </properties>
              </test-case>
              <test-case id="1888" name="ProjectVariantAndSize_FlowThroughFactory_AndRoundTrip" fullname="Neo.UI.Tests.WidgetAttributeRegistryTests.ProjectVariantAndSize_FlowThroughFactory_AndRoundTrip" methodname="ProjectVariantAndSize_FlowThroughFactory_AndRoundTrip" classname="Neo.UI.Tests.WidgetAttributeRegistryTests" runstate="Runnable" seed="305390254" result="Passed" start-time="2026-07-10 20:30:15Z" end-time="2026-07-10 20:30:15Z" duration="0.102339" asserts="0">
                <properties>
                  <property name="retryIteration" value="0" />
                  <property name="repeatIteration" value="0" />
                </properties>
              </test-case>
              <test-case id="1884" name="Register_AppendsNewValue_AndIsIdempotent" fullname="Neo.UI.Tests.WidgetAttributeRegistryTests.Register_AppendsNewValue_AndIsIdempotent" methodname="Register_AppendsNewValue_AndIsIdempotent" classname="Neo.UI.Tests.WidgetAttributeRegistryTests" runstate="Runnable" seed="1756650534" result="Passed" start-time="2026-07-10 20:30:15Z" end-time="2026-07-10 20:30:15Z" duration="0.000550" asserts="0">
                <properties>
                  <property name="retryIteration" value="0" />
                  <property name="repeatIteration" value="0" />
                </properties>
              </test-case>
              <test-case id="1887" name="Register_NullOrEmpty_WarnsAndIgnores_NeverThrows" fullname="Neo.UI.Tests.WidgetAttributeRegistryTests.Register_NullOrEmpty_WarnsAndIgnores_NeverThrows" methodname="Register_NullOrEmpty_WarnsAndIgnores_NeverThrows" classname="Neo.UI.Tests.WidgetAttributeRegistryTests" runstate="Runnable" seed="335318186" result="Passed" start-time="2026-07-10 20:30:15Z" end-time="2026-07-10 20:30:15Z" duration="0.001729" asserts="0">
                <properties>
                  <property name="retryIteration" value="0" />
                  <property name="repeatIteration" value="0" />
                </properties>
                <output><![CDATA[[Neo.UI] NeoWidgetOptions.ButtonVariants: ignored a null/invalid entry.
[Neo.UI] NeoWidgetOptions.ButtonVariants: ignored a null/invalid entry.
]]></output>
              </test-case>
              <test-case id="1886" name="Register_SameKeyDifferentCasing_ReplacesInPlace_NeverDuplicates" fullname="Neo.UI.Tests.WidgetAttributeRegistryTests.Register_SameKeyDifferentCasing_ReplacesInPlace_NeverDuplicates" methodname="Register_SameKeyDifferentCasing_ReplacesInPlace_NeverDuplicates" classname="Neo.UI.Tests.WidgetAttributeRegistryTests" runstate="Runnable" seed="737746045" result="Passed" start-time="2026-07-10 20:30:15Z" end-time="2026-07-10 20:30:15Z" duration="0.000256" asserts="0">
                <properties>
                  <property name="retryIteration" value="0" />
                  <property name="repeatIteration" value="0" />
                </properties>
                <output><![CDATA[Saving results to: C:/Users/maxim/AppData/LocalLow/DefaultCompany/UI Package\TestResults.xml
]]></output>
              </test-case>
            </test-suite>
          </test-suite>
        </test-suite>
      </test-suite>
    </test-suite>
  </test-suite>
</test-run>